[1.149s] Invoking command in '/home/robu/work/robu_holmon19_ws/build/robu': PYTHONPATH=/home/robu/work/robu_holmon19_ws/build/robu/prefix_override:/home/robu/work/robu_holmon19_ws/install/robu/lib/python3.10/site-packages:${PYTHONPATH} /usr/bin/python3 setup.py develop --editable --build-directory /home/robu/work/robu_holmon19_ws/build/robu/build --no-deps install_data
[1.556s] running develop
[1.798s] running egg_info
[1.798s] creating robu.egg-info
[1.798s] writing robu.egg-info/PKG-INFO
[1.799s] writing dependency_links to robu.egg-info/dependency_links.txt
[1.799s] writing entry points to robu.egg-info/entry_points.txt
[1.799s] writing requirements to robu.egg-info/requires.txt
[1.799s] writing top-level names to robu.egg-info/top_level.txt
[1.800s] writing manifest file 'robu.egg-info/SOURCES.txt'
[1.802s] reading manifest file 'robu.egg-info/SOURCES.txt'
[1.803s] writing manifest file 'robu.egg-info/SOURCES.txt'
[1.805s] running build_ext
[1.805s] Creating /home/robu/work/robu_holmon19_ws/install/robu/lib/python3.10/site-packages/robu.egg-link (link to .)
[1.806s] Installing ex02_remotectrl script to /home/robu/work/robu_holmon19_ws/install/robu/lib/robu
[1.807s] Installing ex03_obstacle_avoidance_simple script to /home/robu/work/robu_holmon19_ws/install/robu/lib/robu
[1.807s] Installing ex03_obstacle_avoidance_simple_mapping script to /home/robu/work/robu_holmon19_ws/install/robu/lib/robu
[1.807s] Installing helloworld script to /home/robu/work/robu_holmon19_ws/install/robu/lib/robu
[1.807s] Installing remotectrl script to /home/robu/work/robu_holmon19_ws/install/robu/lib/robu
[1.808s] Installing remotectrl_listener script to /home/robu/work/robu_holmon19_ws/install/robu/lib/robu
[1.808s] Installing remotectrl_sus script to /home/robu/work/robu_holmon19_ws/install/robu/lib/robu
[1.808s] 
[1.808s] Installed /home/robu/work/robu_holmon19_ws/build/robu
[1.809s] running install_data
[1.809s] creating /home/robu/work/robu_holmon19_ws/install/robu/share/ament_index
[1.811s] creating /home/robu/work/robu_holmon19_ws/install/robu/share/ament_index/resource_index
[1.811s] creating /home/robu/work/robu_holmon19_ws/install/robu/share/ament_index/resource_index/packages
[1.811s] copying resource/robu -> /home/robu/work/robu_holmon19_ws/install/robu/share/ament_index/resource_index/packages
[1.812s] copying package.xml -> /home/robu/work/robu_holmon19_ws/install/robu/share/robu
[1.813s] copying launch/ex05_mapping_rm_launch.py -> /home/robu/work/robu_holmon19_ws/install/robu/share/robu
[1.813s] copying launch/occupancy_grid.launch.py -> /home/robu/work/robu_holmon19_ws/install/robu/share/robu
[1.813s] copying launch/cartographer.launch.py -> /home/robu/work/robu_holmon19_ws/install/robu/share/robu
[1.813s] copying launch/ex04_obstacle_avoidance_simple_launch.py -> /home/robu/work/robu_holmon19_ws/install/robu/share/robu
[1.813s] copying launch/ex05_mapping_tb_launch.py -> /home/robu/work/robu_holmon19_ws/install/robu/share/robu
[1.813s] creating /home/robu/work/robu_holmon19_ws/install/robu/share/robu/rviz
[1.813s] copying rviz/tb3_cartographer.rviz -> /home/robu/work/robu_holmon19_ws/install/robu/share/robu/rviz
[1.813s] creating /home/robu/work/robu_holmon19_ws/install/robu/share/robu/config
[1.814s] copying config/turtlebot3_lds_2d.lua -> /home/robu/work/robu_holmon19_ws/install/robu/share/robu/config
[1.861s] Invoked command in '/home/robu/work/robu_holmon19_ws/build/robu' returned '0': PYTHONPATH=/home/robu/work/robu_holmon19_ws/build/robu/prefix_override:/home/robu/work/robu_holmon19_ws/install/robu/lib/python3.10/site-packages:${PYTHONPATH} /usr/bin/python3 setup.py develop --editable --build-directory /home/robu/work/robu_holmon19_ws/build/robu/build --no-deps install_data
