[1.401s] Invoking command in '/home/robu/work/robu_holmon19_ws/build/robu': PYTHONPATH=/home/robu/work/robu_holmon19_ws/build/robu/prefix_override:/home/robu/work/robu_holmon19_ws/install/robu/lib/python3.10/site-packages:${PYTHONPATH} /usr/bin/python3 setup.py develop --uninstall --editable --build-directory /home/robu/work/robu_holmon19_ws/build/robu/build
[1.969s] running develop
[2.389s] Invoked command in '/home/robu/work/robu_holmon19_ws/build/robu' returned '0': PYTHONPATH=/home/robu/work/robu_holmon19_ws/build/robu/prefix_override:/home/robu/work/robu_holmon19_ws/install/robu/lib/python3.10/site-packages:${PYTHONPATH} /usr/bin/python3 setup.py develop --uninstall --editable --build-directory /home/robu/work/robu_holmon19_ws/build/robu/build
[2.390s] Invoking command in '/home/robu/work/robu_holmon19_ws/src/robu': PYTHONPATH=/home/robu/work/robu_holmon19_ws/build/robu/prefix_override:/home/robu/work/robu_holmon19_ws/install/robu/lib/python3.10/site-packages:${PYTHONPATH} /usr/bin/python3 setup.py egg_info --egg-base ../../build/robu build --build-base /home/robu/work/robu_holmon19_ws/build/robu/build install --record /home/robu/work/robu_holmon19_ws/build/robu/install.log --single-version-externally-managed
[2.933s] running egg_info
[2.934s] writing ../../build/robu/robu.egg-info/PKG-INFO
[2.935s] writing dependency_links to ../../build/robu/robu.egg-info/dependency_links.txt
[2.936s] writing entry points to ../../build/robu/robu.egg-info/entry_points.txt
[2.936s] writing requirements to ../../build/robu/robu.egg-info/requires.txt
[2.937s] writing top-level names to ../../build/robu/robu.egg-info/top_level.txt
[2.941s] reading manifest file '../../build/robu/robu.egg-info/SOURCES.txt'
[2.946s] writing manifest file '../../build/robu/robu.egg-info/SOURCES.txt'
[2.946s] running build
[2.946s] running build_py
[2.947s] copying robu/ex10_wallfollower.py -> /home/robu/work/robu_holmon19_ws/build/robu/build/lib/robu
[2.947s] running install
[2.947s] running install_lib
[2.948s] copying /home/robu/work/robu_holmon19_ws/build/robu/build/lib/robu/ex10_wallfollower.py -> /home/robu/work/robu_holmon19_ws/install/robu/lib/python3.10/site-packages/robu
[2.949s] byte-compiling /home/robu/work/robu_holmon19_ws/install/robu/lib/python3.10/site-packages/robu/ex10_wallfollower.py to ex10_wallfollower.cpython-310.pyc
[2.950s]   File "/home/robu/work/robu_holmon19_ws/install/robu/lib/python3.10/site-packages/robu/ex10_wallfollower.py", line 92
[2.951s]     if self.wallfollower_state == WallFollowerStates.WF_STATE_DETECTWALL
[2.951s]                                                                         ^
[2.951s] SyntaxError: expected ':'
[2.951s] 
[2.951s] running install_data
[2.955s] running install_egg_info
[2.958s] removing '/home/robu/work/robu_holmon19_ws/install/robu/lib/python3.10/site-packages/robu-0.0.0-py3.10.egg-info' (and everything under it)
[2.958s] Copying ../../build/robu/robu.egg-info to /home/robu/work/robu_holmon19_ws/install/robu/lib/python3.10/site-packages/robu-0.0.0-py3.10.egg-info
[2.960s] running install_scripts
[2.995s] Installing ex02_remotectrl script to /home/robu/work/robu_holmon19_ws/install/robu/lib/robu
[2.996s] Installing ex03_obstacle_avoidance_simple script to /home/robu/work/robu_holmon19_ws/install/robu/lib/robu
[2.997s] Installing ex03_obstacle_avoidance_simple_mapping script to /home/robu/work/robu_holmon19_ws/install/robu/lib/robu
[2.997s] Installing ex10_wallfollower script to /home/robu/work/robu_holmon19_ws/install/robu/lib/robu
[2.998s] Installing helloworld script to /home/robu/work/robu_holmon19_ws/install/robu/lib/robu
[2.998s] Installing mypublisher script to /home/robu/work/robu_holmon19_ws/install/robu/lib/robu
[2.999s] Installing mysubscriber script to /home/robu/work/robu_holmon19_ws/install/robu/lib/robu
[2.999s] Installing remotectrl script to /home/robu/work/robu_holmon19_ws/install/robu/lib/robu
[3.000s] Installing remotectrl_listener script to /home/robu/work/robu_holmon19_ws/install/robu/lib/robu
[3.000s] Installing remotectrl_sus script to /home/robu/work/robu_holmon19_ws/install/robu/lib/robu
[3.001s] writing list of installed files to '/home/robu/work/robu_holmon19_ws/build/robu/install.log'
[3.088s] Invoked command in '/home/robu/work/robu_holmon19_ws/src/robu' returned '0': PYTHONPATH=/home/robu/work/robu_holmon19_ws/build/robu/prefix_override:/home/robu/work/robu_holmon19_ws/install/robu/lib/python3.10/site-packages:${PYTHONPATH} /usr/bin/python3 setup.py egg_info --egg-base ../../build/robu build --build-base /home/robu/work/robu_holmon19_ws/build/robu/build install --record /home/robu/work/robu_holmon19_ws/build/robu/install.log --single-version-externally-managed
