[1.351s] Invoking command in '/home/robu/work/robu_holmon19_ws/build/robu': PYTHONPATH=/home/robu/work/robu_holmon19_ws/build/robu/prefix_override:/home/robu/work/robu_holmon19_ws/install/robu/lib/python3.10/site-packages:${PYTHONPATH} /usr/bin/python3 setup.py develop --uninstall --editable --build-directory /home/robu/work/robu_holmon19_ws/build/robu/build
[1.916s] running develop
[2.372s] Invoked command in '/home/robu/work/robu_holmon19_ws/build/robu' returned '0': PYTHONPATH=/home/robu/work/robu_holmon19_ws/build/robu/prefix_override:/home/robu/work/robu_holmon19_ws/install/robu/lib/python3.10/site-packages:${PYTHONPATH} /usr/bin/python3 setup.py develop --uninstall --editable --build-directory /home/robu/work/robu_holmon19_ws/build/robu/build
[2.374s] Invoking command in '/home/robu/work/robu_holmon19_ws/src/robu': PYTHONPATH=/home/robu/work/robu_holmon19_ws/build/robu/prefix_override:/home/robu/work/robu_holmon19_ws/install/robu/lib/python3.10/site-packages:${PYTHONPATH} /usr/bin/python3 setup.py egg_info --egg-base ../../build/robu build --build-base /home/robu/work/robu_holmon19_ws/build/robu/build install --record /home/robu/work/robu_holmon19_ws/build/robu/install.log --single-version-externally-managed
[2.906s] running egg_info
[2.907s] writing ../../build/robu/robu.egg-info/PKG-INFO
[2.907s] writing dependency_links to ../../build/robu/robu.egg-info/dependency_links.txt
[2.908s] writing entry points to ../../build/robu/robu.egg-info/entry_points.txt
[2.911s] writing requirements to ../../build/robu/robu.egg-info/requires.txt
[2.911s] writing top-level names to ../../build/robu/robu.egg-info/top_level.txt
[2.914s] reading manifest file '../../build/robu/robu.egg-info/SOURCES.txt'
[2.916s] writing manifest file '../../build/robu/robu.egg-info/SOURCES.txt'
[2.917s] running build
[2.917s] running build_py
[2.918s] copying robu/ex10_wallfollower.py -> /home/robu/work/robu_holmon19_ws/build/robu/build/lib/robu
[2.919s] running install
[2.919s] running install_lib
[2.923s] copying /home/robu/work/robu_holmon19_ws/build/robu/build/lib/robu/ex10_wallfollower.py -> /home/robu/work/robu_holmon19_ws/install/robu/lib/python3.10/site-packages/robu
[2.924s] byte-compiling /home/robu/work/robu_holmon19_ws/install/robu/lib/python3.10/site-packages/robu/ex10_wallfollower.py to ex10_wallfollower.cpython-310.pyc
[2.926s] running install_data
[2.927s] running install_egg_info
[2.930s] removing '/home/robu/work/robu_holmon19_ws/install/robu/lib/python3.10/site-packages/robu-0.0.0-py3.10.egg-info' (and everything under it)
[2.938s] Copying ../../build/robu/robu.egg-info to /home/robu/work/robu_holmon19_ws/install/robu/lib/python3.10/site-packages/robu-0.0.0-py3.10.egg-info
[2.940s] running install_scripts
[2.984s] Installing ex02_remotectrl script to /home/robu/work/robu_holmon19_ws/install/robu/lib/robu
[2.984s] Installing ex03_obstacle_avoidance_simple script to /home/robu/work/robu_holmon19_ws/install/robu/lib/robu
[2.984s] Installing ex03_obstacle_avoidance_simple_mapping script to /home/robu/work/robu_holmon19_ws/install/robu/lib/robu
[2.985s] Installing ex10_wallfollower script to /home/robu/work/robu_holmon19_ws/install/robu/lib/robu
[2.985s] Installing helloworld script to /home/robu/work/robu_holmon19_ws/install/robu/lib/robu
[2.985s] Installing mypublisher script to /home/robu/work/robu_holmon19_ws/install/robu/lib/robu
[2.986s] Installing mysubscriber script to /home/robu/work/robu_holmon19_ws/install/robu/lib/robu
[2.986s] Installing remotectrl script to /home/robu/work/robu_holmon19_ws/install/robu/lib/robu
[2.987s] Installing remotectrl_listener script to /home/robu/work/robu_holmon19_ws/install/robu/lib/robu
[2.987s] Installing remotectrl_sus script to /home/robu/work/robu_holmon19_ws/install/robu/lib/robu
[2.988s] writing list of installed files to '/home/robu/work/robu_holmon19_ws/build/robu/install.log'
[3.052s] Invoked command in '/home/robu/work/robu_holmon19_ws/src/robu' returned '0': PYTHONPATH=/home/robu/work/robu_holmon19_ws/build/robu/prefix_override:/home/robu/work/robu_holmon19_ws/install/robu/lib/python3.10/site-packages:${PYTHONPATH} /usr/bin/python3 setup.py egg_info --egg-base ../../build/robu build --build-base /home/robu/work/robu_holmon19_ws/build/robu/build install --record /home/robu/work/robu_holmon19_ws/build/robu/install.log --single-version-externally-managed
