[0.492s] DEBUG:colcon:Command line arguments: ['/usr/bin/colcon', 'build', '--symlink-install', '--event-handlers', 'console_cohesion+', '--base-paths', '/home/robu/work/robu_holmon19_ws', '--cmake-args', '-DCMAKE_BUILD_TYPE=RelWithDebInfo']
[0.493s] DEBUG:colcon:Parsed command line arguments: Namespace(log_base=None, log_level=None, verb_name='build', build_base='build', install_base='install', merge_install=False, symlink_install=True, test_result_base=None, continue_on_error=False, executor='parallel', parallel_workers=2, event_handlers=['console_cohesion+'], ignore_user_meta=False, metas=['./colcon.meta'], base_paths=['/home/robu/work/robu_holmon19_ws'], packages_ignore=None, packages_ignore_regex=None, paths=None, packages_up_to=None, packages_up_to_regex=None, packages_above=None, packages_above_and_dependencies=None, packages_above_depth=None, packages_select_by_dep=None, packages_skip_by_dep=None, packages_skip_up_to=None, packages_select_build_failed=False, packages_skip_build_finished=False, packages_select_test_failures=False, packages_skip_test_passed=False, packages_select=None, packages_skip=None, packages_select_regex=None, packages_skip_regex=None, packages_start=None, packages_end=None, allow_overriding=[], cmake_args=['-DCMAKE_BUILD_TYPE=RelWithDebInfo'], cmake_target=None, cmake_target_skip_unavailable=False, cmake_clean_cache=False, cmake_clean_first=False, cmake_force_configure=False, ament_cmake_args=None, catkin_cmake_args=None, catkin_skip_building_tests=False, verb_parser=<colcon_defaults.argument_parser.defaults.DefaultArgumentsDecorator object at 0x7f60c39f2c80>, verb_extension=<colcon_core.verb.build.BuildVerb object at 0x7f60c39f2710>, main=<bound method BuildVerb.main of <colcon_core.verb.build.BuildVerb object at 0x7f60c39f2710>>)
[0.525s] Level 1:colcon.colcon_core.package_discovery:discover_packages(colcon_meta) check parameters
[0.526s] Level 1:colcon.colcon_core.package_discovery:discover_packages(recursive) check parameters
[0.526s] Level 1:colcon.colcon_core.package_discovery:discover_packages(ignore) check parameters
[0.526s] Level 1:colcon.colcon_core.package_discovery:discover_packages(path) check parameters
[0.526s] Level 1:colcon.colcon_core.package_discovery:discover_packages(recursive) discover
[0.526s] INFO:colcon.colcon_core.package_discovery:Crawling recursively for packages in '/home/robu/work/robu_holmon19_ws'
[0.526s] Level 1:colcon.colcon_core.package_identification:_identify(/home/robu/work/robu_holmon19_ws) by extensions ['ignore', 'ignore_ament_install']
[0.526s] Level 1:colcon.colcon_core.package_identification:_identify(/home/robu/work/robu_holmon19_ws) by extension 'ignore'
[0.526s] Level 1:colcon.colcon_core.package_identification:_identify(/home/robu/work/robu_holmon19_ws) by extension 'ignore_ament_install'
[0.526s] Level 1:colcon.colcon_core.package_identification:_identify(/home/robu/work/robu_holmon19_ws) by extensions ['colcon_pkg']
[0.526s] Level 1:colcon.colcon_core.package_identification:_identify(/home/robu/work/robu_holmon19_ws) by extension 'colcon_pkg'
[0.526s] Level 1:colcon.colcon_core.package_identification:_identify(/home/robu/work/robu_holmon19_ws) by extensions ['colcon_meta']
[0.527s] Level 1:colcon.colcon_core.package_identification:_identify(/home/robu/work/robu_holmon19_ws) by extension 'colcon_meta'
[0.527s] Level 1:colcon.colcon_core.package_identification:_identify(/home/robu/work/robu_holmon19_ws) by extensions ['ros']
[0.527s] Level 1:colcon.colcon_core.package_identification:_identify(/home/robu/work/robu_holmon19_ws) by extension 'ros'
[0.541s] Level 1:colcon.colcon_core.package_identification:_identify(/home/robu/work/robu_holmon19_ws) by extensions ['cmake', 'python']
[0.541s] Level 1:colcon.colcon_core.package_identification:_identify(/home/robu/work/robu_holmon19_ws) by extension 'cmake'
[0.542s] Level 1:colcon.colcon_core.package_identification:_identify(/home/robu/work/robu_holmon19_ws) by extension 'python'
[0.542s] Level 1:colcon.colcon_core.package_identification:_identify(/home/robu/work/robu_holmon19_ws) by extensions ['python_setup_py']
[0.542s] Level 1:colcon.colcon_core.package_identification:_identify(/home/robu/work/robu_holmon19_ws) by extension 'python_setup_py'
[0.542s] Level 1:colcon.colcon_core.package_identification:_identify(/home/robu/work/robu_holmon19_ws/build) by extensions ['ignore', 'ignore_ament_install']
[0.542s] Level 1:colcon.colcon_core.package_identification:_identify(/home/robu/work/robu_holmon19_ws/build) by extension 'ignore'
[0.542s] Level 1:colcon.colcon_core.package_identification:_identify(/home/robu/work/robu_holmon19_ws/build) ignored
[0.542s] Level 1:colcon.colcon_core.package_identification:_identify(/home/robu/work/robu_holmon19_ws/install) by extensions ['ignore', 'ignore_ament_install']
[0.543s] Level 1:colcon.colcon_core.package_identification:_identify(/home/robu/work/robu_holmon19_ws/install) by extension 'ignore'
[0.543s] Level 1:colcon.colcon_core.package_identification:_identify(/home/robu/work/robu_holmon19_ws/install) ignored
[0.543s] Level 1:colcon.colcon_core.package_identification:_identify(/home/robu/work/robu_holmon19_ws/log) by extensions ['ignore', 'ignore_ament_install']
[0.543s] Level 1:colcon.colcon_core.package_identification:_identify(/home/robu/work/robu_holmon19_ws/log) by extension 'ignore'
[0.543s] Level 1:colcon.colcon_core.package_identification:_identify(/home/robu/work/robu_holmon19_ws/log) ignored
[0.543s] Level 1:colcon.colcon_core.package_identification:_identify(/home/robu/work/robu_holmon19_ws/src) by extensions ['ignore', 'ignore_ament_install']
[0.543s] Level 1:colcon.colcon_core.package_identification:_identify(/home/robu/work/robu_holmon19_ws/src) by extension 'ignore'
[0.543s] Level 1:colcon.colcon_core.package_identification:_identify(/home/robu/work/robu_holmon19_ws/src) by extension 'ignore_ament_install'
[0.543s] Level 1:colcon.colcon_core.package_identification:_identify(/home/robu/work/robu_holmon19_ws/src) by extensions ['colcon_pkg']
[0.543s] Level 1:colcon.colcon_core.package_identification:_identify(/home/robu/work/robu_holmon19_ws/src) by extension 'colcon_pkg'
[0.544s] Level 1:colcon.colcon_core.package_identification:_identify(/home/robu/work/robu_holmon19_ws/src) by extensions ['colcon_meta']
[0.544s] Level 1:colcon.colcon_core.package_identification:_identify(/home/robu/work/robu_holmon19_ws/src) by extension 'colcon_meta'
[0.544s] Level 1:colcon.colcon_core.package_identification:_identify(/home/robu/work/robu_holmon19_ws/src) by extensions ['ros']
[0.544s] Level 1:colcon.colcon_core.package_identification:_identify(/home/robu/work/robu_holmon19_ws/src) by extension 'ros'
[0.544s] Level 1:colcon.colcon_core.package_identification:_identify(/home/robu/work/robu_holmon19_ws/src) by extensions ['cmake', 'python']
[0.544s] Level 1:colcon.colcon_core.package_identification:_identify(/home/robu/work/robu_holmon19_ws/src) by extension 'cmake'
[0.544s] Level 1:colcon.colcon_core.package_identification:_identify(/home/robu/work/robu_holmon19_ws/src) by extension 'python'
[0.544s] Level 1:colcon.colcon_core.package_identification:_identify(/home/robu/work/robu_holmon19_ws/src) by extensions ['python_setup_py']
[0.544s] Level 1:colcon.colcon_core.package_identification:_identify(/home/robu/work/robu_holmon19_ws/src) by extension 'python_setup_py'
[0.544s] Level 1:colcon.colcon_core.package_identification:_identify(/home/robu/work/robu_holmon19_ws/src/robu) by extensions ['ignore', 'ignore_ament_install']
[0.544s] Level 1:colcon.colcon_core.package_identification:_identify(/home/robu/work/robu_holmon19_ws/src/robu) by extension 'ignore'
[0.544s] Level 1:colcon.colcon_core.package_identification:_identify(/home/robu/work/robu_holmon19_ws/src/robu) by extension 'ignore_ament_install'
[0.544s] Level 1:colcon.colcon_core.package_identification:_identify(/home/robu/work/robu_holmon19_ws/src/robu) by extensions ['colcon_pkg']
[0.545s] Level 1:colcon.colcon_core.package_identification:_identify(/home/robu/work/robu_holmon19_ws/src/robu) by extension 'colcon_pkg'
[0.545s] Level 1:colcon.colcon_core.package_identification:_identify(/home/robu/work/robu_holmon19_ws/src/robu) by extensions ['colcon_meta']
[0.545s] Level 1:colcon.colcon_core.package_identification:_identify(/home/robu/work/robu_holmon19_ws/src/robu) by extension 'colcon_meta'
[0.545s] Level 1:colcon.colcon_core.package_identification:_identify(/home/robu/work/robu_holmon19_ws/src/robu) by extensions ['ros']
[0.545s] Level 1:colcon.colcon_core.package_identification:_identify(/home/robu/work/robu_holmon19_ws/src/robu) by extension 'ros'
[0.548s] DEBUG:colcon.colcon_core.package_identification:Package '/home/robu/work/robu_holmon19_ws/src/robu' with type 'ros.ament_python' and name 'robu'
[0.548s] Level 1:colcon.colcon_core.package_discovery:discover_packages(recursive) using defaults
[0.578s] Level 1:colcon.colcon_core.package_discovery:discover_packages(prefix_path) check parameters
[0.578s] Level 1:colcon.colcon_core.package_discovery:discover_packages(prefix_path) discover
[0.583s] DEBUG:colcon.colcon_installed_package_information.package_discovery:Found 1 installed packages in /home/robu/work/robu_holmon19_ws/install
[0.585s] DEBUG:colcon.colcon_installed_package_information.package_discovery:Found 17 installed packages in /home/robu/work/turtlebot3_ws/install
[0.588s] DEBUG:colcon.colcon_installed_package_information.package_discovery:Found 358 installed packages in /opt/ros/humble
[0.590s] Level 1:colcon.colcon_core.package_discovery:discover_packages(prefix_path) using defaults
[0.688s] Level 5:colcon.colcon_core.verb:set package 'robu' build argument 'cmake_args' from command line to '['-DCMAKE_BUILD_TYPE=RelWithDebInfo']'
[0.688s] Level 5:colcon.colcon_core.verb:set package 'robu' build argument 'cmake_target' from command line to 'None'
[0.688s] Level 5:colcon.colcon_core.verb:set package 'robu' build argument 'cmake_target_skip_unavailable' from command line to 'False'
[0.688s] Level 5:colcon.colcon_core.verb:set package 'robu' build argument 'cmake_clean_cache' from command line to 'False'
[0.688s] Level 5:colcon.colcon_core.verb:set package 'robu' build argument 'cmake_clean_first' from command line to 'False'
[0.688s] Level 5:colcon.colcon_core.verb:set package 'robu' build argument 'cmake_force_configure' from command line to 'False'
[0.688s] Level 5:colcon.colcon_core.verb:set package 'robu' build argument 'ament_cmake_args' from command line to 'None'
[0.688s] Level 5:colcon.colcon_core.verb:set package 'robu' build argument 'catkin_cmake_args' from command line to 'None'
[0.688s] Level 5:colcon.colcon_core.verb:set package 'robu' build argument 'catkin_skip_building_tests' from command line to 'False'
[0.688s] DEBUG:colcon.colcon_core.verb:Building package 'robu' with the following arguments: {'ament_cmake_args': None, 'build_base': '/home/robu/work/robu_holmon19_ws/build/robu', 'catkin_cmake_args': None, 'catkin_skip_building_tests': False, 'cmake_args': ['-DCMAKE_BUILD_TYPE=RelWithDebInfo'], 'cmake_clean_cache': False, 'cmake_clean_first': False, 'cmake_force_configure': False, 'cmake_target': None, 'cmake_target_skip_unavailable': False, 'install_base': '/home/robu/work/robu_holmon19_ws/install/robu', 'merge_install': False, 'path': '/home/robu/work/robu_holmon19_ws/src/robu', 'symlink_install': True, 'test_result_base': None}
[0.689s] INFO:colcon.colcon_core.executor:Executing jobs using 'parallel' executor
[0.693s] DEBUG:colcon.colcon_parallel_executor.executor.parallel:run_until_complete
[0.693s] INFO:colcon.colcon_ros.task.ament_python.build:Building ROS package in '/home/robu/work/robu_holmon19_ws/src/robu' with build type 'ament_python'
[0.693s] Level 1:colcon.colcon_core.shell:create_environment_hook('robu', 'ament_prefix_path')
[0.698s] INFO:colcon.colcon_core.plugin_system:Skipping extension 'colcon_core.shell.bat': Not used on non-Windows systems
[0.698s] INFO:colcon.colcon_core.shell:Creating environment hook '/home/robu/work/robu_holmon19_ws/install/robu/share/robu/hook/ament_prefix_path.ps1'
[0.699s] INFO:colcon.colcon_core.shell:Creating environment descriptor '/home/robu/work/robu_holmon19_ws/install/robu/share/robu/hook/ament_prefix_path.dsv'
[0.700s] INFO:colcon.colcon_core.shell:Creating environment hook '/home/robu/work/robu_holmon19_ws/install/robu/share/robu/hook/ament_prefix_path.sh'
[0.702s] INFO:colcon.colcon_core.shell:Skip shell extension 'powershell' for command environment: Not usable outside of PowerShell
[0.703s] DEBUG:colcon.colcon_core.shell:Skip shell extension 'dsv' for command environment
[1.108s] INFO:colcon.colcon_core.task.python.build:Building Python package in '/home/robu/work/robu_holmon19_ws/src/robu'
[1.110s] INFO:colcon.colcon_core.shell:Skip shell extension 'powershell' for command environment: Not usable outside of PowerShell
[1.110s] DEBUG:colcon.colcon_core.shell:Skip shell extension 'dsv' for command environment
[1.600s] DEBUG:colcon.colcon_core.task.python.build:While undoing a previous installation files outside the Python library path are being ignored: /home/robu/work/robu_holmon19_ws/install/robu/share/ament_index/resource_index/packages/robu
[1.600s] DEBUG:colcon.colcon_core.task.python.build:While undoing a previous installation files outside the Python library path are being ignored: /home/robu/work/robu_holmon19_ws/install/robu/share/robu/package.xml
[1.600s] DEBUG:colcon.colcon_core.task.python.build:While undoing a previous installation files outside the Python library path are being ignored: /home/robu/work/robu_holmon19_ws/install/robu/share/robu/ex05_mapping_rm_launch.py
[1.600s] DEBUG:colcon.colcon_core.task.python.build:While undoing a previous installation files outside the Python library path are being ignored: /home/robu/work/robu_holmon19_ws/install/robu/share/robu/occupancy_grid.launch.py
[1.600s] DEBUG:colcon.colcon_core.task.python.build:While undoing a previous installation files outside the Python library path are being ignored: /home/robu/work/robu_holmon19_ws/install/robu/share/robu/cartographer.launch.py
[1.600s] DEBUG:colcon.colcon_core.task.python.build:While undoing a previous installation files outside the Python library path are being ignored: /home/robu/work/robu_holmon19_ws/install/robu/share/robu/ex04_obstacle_avoidance_simple_launch.py
[1.600s] DEBUG:colcon.colcon_core.task.python.build:While undoing a previous installation files outside the Python library path are being ignored: /home/robu/work/robu_holmon19_ws/install/robu/share/robu/ex05_mapping_tb_launch.py
[1.600s] DEBUG:colcon.colcon_core.task.python.build:While undoing a previous installation files outside the Python library path are being ignored: /home/robu/work/robu_holmon19_ws/install/robu/share/robu/rviz/tb3_cartographer.rviz
[1.600s] DEBUG:colcon.colcon_core.task.python.build:While undoing a previous installation files outside the Python library path are being ignored: /home/robu/work/robu_holmon19_ws/install/robu/share/robu/config/turtlebot3_lds_2d.lua
[1.601s] DEBUG:colcon.colcon_core.task.python.build:While undoing a previous installation files outside the Python library path are being ignored: /home/robu/work/robu_holmon19_ws/install/robu/lib/robu/ex02_remotectrl
[1.601s] DEBUG:colcon.colcon_core.task.python.build:While undoing a previous installation files outside the Python library path are being ignored: /home/robu/work/robu_holmon19_ws/install/robu/lib/robu/ex03_obstacle_avoidance_simple
[1.601s] DEBUG:colcon.colcon_core.task.python.build:While undoing a previous installation files outside the Python library path are being ignored: /home/robu/work/robu_holmon19_ws/install/robu/lib/robu/ex03_obstacle_avoidance_simple_mapping
[1.601s] DEBUG:colcon.colcon_core.task.python.build:While undoing a previous installation files outside the Python library path are being ignored: /home/robu/work/robu_holmon19_ws/install/robu/lib/robu/helloworld
[1.601s] DEBUG:colcon.colcon_core.task.python.build:While undoing a previous installation files outside the Python library path are being ignored: /home/robu/work/robu_holmon19_ws/install/robu/lib/robu/remotectrl
[1.601s] DEBUG:colcon.colcon_core.task.python.build:While undoing a previous installation files outside the Python library path are being ignored: /home/robu/work/robu_holmon19_ws/install/robu/lib/robu/remotectrl_listener
[1.601s] DEBUG:colcon.colcon_core.task.python.build:While undoing a previous installation files outside the Python library path are being ignored: /home/robu/work/robu_holmon19_ws/install/robu/lib/robu/remotectrl_sus
[1.605s] DEBUG:colcon.colcon_core.event_handler.log_command:Invoking command in '/home/robu/work/robu_holmon19_ws/build/robu': PYTHONPATH=/home/robu/work/robu_holmon19_ws/build/robu/prefix_override:/home/robu/work/robu_holmon19_ws/install/robu/lib/python3.10/site-packages:${PYTHONPATH} /usr/bin/python3 setup.py develop --editable --build-directory /home/robu/work/robu_holmon19_ws/build/robu/build --no-deps install_data
[2.372s] Level 1:colcon.colcon_core.shell:create_environment_hook('robu', 'pythonpath_develop')
[2.374s] INFO:colcon.colcon_core.shell:Creating environment hook '/home/robu/work/robu_holmon19_ws/build/robu/share/robu/hook/pythonpath_develop.ps1'
[2.375s] INFO:colcon.colcon_core.shell:Creating environment descriptor '/home/robu/work/robu_holmon19_ws/build/robu/share/robu/hook/pythonpath_develop.dsv'
[2.376s] DEBUG:colcon.colcon_core.event_handler.log_command:Invoked command in '/home/robu/work/robu_holmon19_ws/build/robu' returned '0': PYTHONPATH=/home/robu/work/robu_holmon19_ws/build/robu/prefix_override:/home/robu/work/robu_holmon19_ws/install/robu/lib/python3.10/site-packages:${PYTHONPATH} /usr/bin/python3 setup.py develop --editable --build-directory /home/robu/work/robu_holmon19_ws/build/robu/build --no-deps install_data
[2.377s] INFO:colcon.colcon_core.shell:Creating environment hook '/home/robu/work/robu_holmon19_ws/build/robu/share/robu/hook/pythonpath_develop.sh'
[2.384s] Level 1:colcon.colcon_core.environment:checking '/home/robu/work/robu_holmon19_ws/install/robu' for CMake module files
[2.385s] Level 1:colcon.colcon_core.environment:checking '/home/robu/work/robu_holmon19_ws/install/robu' for CMake config files
[2.385s] Level 1:colcon.colcon_core.environment:checking '/home/robu/work/robu_holmon19_ws/install/robu/lib'
[2.386s] Level 1:colcon.colcon_core.environment:checking '/home/robu/work/robu_holmon19_ws/install/robu/bin'
[2.386s] Level 1:colcon.colcon_core.environment:checking '/home/robu/work/robu_holmon19_ws/install/robu/lib/pkgconfig/robu.pc'
[2.386s] Level 1:colcon.colcon_core.environment:checking '/home/robu/work/robu_holmon19_ws/install/robu/lib/python3.10/site-packages'
[2.386s] Level 1:colcon.colcon_core.shell:create_environment_hook('robu', 'pythonpath')
[2.388s] INFO:colcon.colcon_core.shell:Creating environment hook '/home/robu/work/robu_holmon19_ws/install/robu/share/robu/hook/pythonpath.ps1'
[2.389s] INFO:colcon.colcon_core.shell:Creating environment descriptor '/home/robu/work/robu_holmon19_ws/install/robu/share/robu/hook/pythonpath.dsv'
[2.390s] INFO:colcon.colcon_core.shell:Creating environment hook '/home/robu/work/robu_holmon19_ws/install/robu/share/robu/hook/pythonpath.sh'
[2.391s] Level 1:colcon.colcon_core.environment:checking '/home/robu/work/robu_holmon19_ws/install/robu/bin'
[2.391s] Level 1:colcon.colcon_core.environment:create_environment_scripts_only(robu)
[2.393s] INFO:colcon.colcon_core.shell:Creating package script '/home/robu/work/robu_holmon19_ws/install/robu/share/robu/package.ps1'
[2.394s] INFO:colcon.colcon_core.shell:Creating package descriptor '/home/robu/work/robu_holmon19_ws/install/robu/share/robu/package.dsv'
[2.395s] INFO:colcon.colcon_core.shell:Creating package script '/home/robu/work/robu_holmon19_ws/install/robu/share/robu/package.sh'
[2.397s] INFO:colcon.colcon_core.shell:Creating package script '/home/robu/work/robu_holmon19_ws/install/robu/share/robu/package.bash'
[2.398s] INFO:colcon.colcon_core.shell:Creating package script '/home/robu/work/robu_holmon19_ws/install/robu/share/robu/package.zsh'
[2.399s] Level 1:colcon.colcon_core.environment:create_file_with_runtime_dependencies(/home/robu/work/robu_holmon19_ws/install/robu/share/colcon-core/packages/robu)
[2.401s] DEBUG:colcon.colcon_parallel_executor.executor.parallel:closing loop
[2.401s] DEBUG:colcon.colcon_parallel_executor.executor.parallel:loop closed
[2.401s] DEBUG:colcon.colcon_parallel_executor.executor.parallel:run_until_complete finished with '0'
[2.401s] DEBUG:colcon.colcon_core.event_reactor:joining thread
[2.410s] INFO:colcon.colcon_core.plugin_system:Skipping extension 'colcon_notification.desktop_notification.terminal_notifier': Not used on non-Darwin systems
[2.410s] INFO:colcon.colcon_core.plugin_system:Skipping extension 'colcon_notification.desktop_notification.win32': Not used on non-Windows systems
[2.410s] INFO:colcon.colcon_notification.desktop_notification:Sending desktop notification using 'notify2'
[2.504s] DEBUG:colcon.colcon_core.event_reactor:joined thread
[2.507s] INFO:colcon.colcon_core.shell:Creating prefix script '/home/robu/work/robu_holmon19_ws/install/local_setup.ps1'
[2.509s] INFO:colcon.colcon_core.shell:Creating prefix util module '/home/robu/work/robu_holmon19_ws/install/_local_setup_util_ps1.py'
[2.514s] INFO:colcon.colcon_core.shell:Creating prefix chain script '/home/robu/work/robu_holmon19_ws/install/setup.ps1'
[2.518s] INFO:colcon.colcon_core.shell:Creating prefix script '/home/robu/work/robu_holmon19_ws/install/local_setup.sh'
[2.519s] INFO:colcon.colcon_core.shell:Creating prefix util module '/home/robu/work/robu_holmon19_ws/install/_local_setup_util_sh.py'
[2.520s] INFO:colcon.colcon_core.shell:Creating prefix chain script '/home/robu/work/robu_holmon19_ws/install/setup.sh'
[2.525s] INFO:colcon.colcon_core.shell:Creating prefix script '/home/robu/work/robu_holmon19_ws/install/local_setup.bash'
[2.526s] INFO:colcon.colcon_core.shell:Creating prefix chain script '/home/robu/work/robu_holmon19_ws/install/setup.bash'
[2.529s] INFO:colcon.colcon_core.shell:Creating prefix script '/home/robu/work/robu_holmon19_ws/install/local_setup.zsh'
[2.535s] INFO:colcon.colcon_core.shell:Creating prefix chain script '/home/robu/work/robu_holmon19_ws/install/setup.zsh'
