[1.070s] Invoking command in '/home/robu/work/robu_holmon19_ws/build/robu': PYTHONPATH=/home/robu/work/robu_holmon19_ws/build/robu/prefix_override:/home/robu/work/robu_holmon19_ws/install/robu/lib/python3.10/site-packages:${PYTHONPATH} /usr/bin/python3 setup.py develop --editable --build-directory /home/robu/work/robu_holmon19_ws/build/robu/build --no-deps install_data
[1.514s] running develop
[1.759s] running egg_info
[1.759s] writing robu.egg-info/PKG-INFO
[1.760s] writing dependency_links to robu.egg-info/dependency_links.txt
[1.761s] writing entry points to robu.egg-info/entry_points.txt
[1.762s] writing requirements to robu.egg-info/requires.txt
[1.764s] writing top-level names to robu.egg-info/top_level.txt
[1.767s] reading manifest file 'robu.egg-info/SOURCES.txt'
[1.770s] writing manifest file 'robu.egg-info/SOURCES.txt'
[1.772s] running build_ext
[1.772s] Creating /home/robu/work/robu_holmon19_ws/install/robu/lib/python3.10/site-packages/robu.egg-link (link to .)
[1.774s] Installing ex02_remotectrl script to /home/robu/work/robu_holmon19_ws/install/robu/lib/robu
[1.774s] Installing ex03_obstacle_avoidance_simple script to /home/robu/work/robu_holmon19_ws/install/robu/lib/robu
[1.775s] Installing ex03_obstacle_avoidance_simple_mapping script to /home/robu/work/robu_holmon19_ws/install/robu/lib/robu
[1.775s] Installing helloworld script to /home/robu/work/robu_holmon19_ws/install/robu/lib/robu
[1.779s] Installing remotectrl script to /home/robu/work/robu_holmon19_ws/install/robu/lib/robu
[1.779s] Installing remotectrl_listener script to /home/robu/work/robu_holmon19_ws/install/robu/lib/robu
[1.780s] Installing remotectrl_sus script to /home/robu/work/robu_holmon19_ws/install/robu/lib/robu
[1.781s] 
[1.781s] Installed /home/robu/work/robu_holmon19_ws/build/robu
[1.781s] running install_data
[1.841s] Invoked command in '/home/robu/work/robu_holmon19_ws/build/robu' returned '0': PYTHONPATH=/home/robu/work/robu_holmon19_ws/build/robu/prefix_override:/home/robu/work/robu_holmon19_ws/install/robu/lib/python3.10/site-packages:${PYTHONPATH} /usr/bin/python3 setup.py develop --editable --build-directory /home/robu/work/robu_holmon19_ws/build/robu/build --no-deps install_data
