running develop
running egg_info
writing robu.egg-info/PKG-INFO
writing dependency_links to robu.egg-info/dependency_links.txt
writing entry points to robu.egg-info/entry_points.txt
writing requirements to robu.egg-info/requires.txt
writing top-level names to robu.egg-info/top_level.txt
reading manifest file 'robu.egg-info/SOURCES.txt'
writing manifest file 'robu.egg-info/SOURCES.txt'
running build_ext
Creating /home/robu/work/robu_holmon19_ws/install/robu/lib/python3.10/site-packages/robu.egg-link (link to .)
Installing ex02_remotectrl script to /home/robu/work/robu_holmon19_ws/install/robu/lib/robu
Installing ex03_obstacle_avoidance_simple script to /home/robu/work/robu_holmon19_ws/install/robu/lib/robu
Installing ex03_obstacle_avoidance_simple_mapping script to /home/robu/work/robu_holmon19_ws/install/robu/lib/robu
Installing ex10_wallfollower script to /home/robu/work/robu_holmon19_ws/install/robu/lib/robu
Installing helloworld script to /home/robu/work/robu_holmon19_ws/install/robu/lib/robu
Installing remotectrl script to /home/robu/work/robu_holmon19_ws/install/robu/lib/robu
Installing remotectrl_listener script to /home/robu/work/robu_holmon19_ws/install/robu/lib/robu
Installing remotectrl_sus script to /home/robu/work/robu_holmon19_ws/install/robu/lib/robu

Installed /home/robu/work/robu_holmon19_ws/build/robu
running install_data
