[1.063s] Invoking command in '/home/robu/work/robu_holmon19_ws/build/robu': PYTHONPATH=/home/robu/work/robu_holmon19_ws/build/robu/prefix_override:/home/robu/work/robu_holmon19_ws/install/robu/lib/python3.10/site-packages:${PYTHONPATH} /usr/bin/python3 setup.py develop --editable --build-directory /home/robu/work/robu_holmon19_ws/build/robu/build --no-deps install_data
[1.518s] running develop
[1.769s] running egg_info
[1.770s] writing robu.egg-info/PKG-INFO
[1.771s] writing dependency_links to robu.egg-info/dependency_links.txt
[1.773s] writing entry points to robu.egg-info/entry_points.txt
[1.773s] writing requirements to robu.egg-info/requires.txt
[1.774s] writing top-level names to robu.egg-info/top_level.txt
[1.779s] reading manifest file 'robu.egg-info/SOURCES.txt'
[1.781s] writing manifest file 'robu.egg-info/SOURCES.txt'
[1.785s] running build_ext
[1.786s] Creating /home/robu/work/robu_holmon19_ws/install/robu/lib/python3.10/site-packages/robu.egg-link (link to .)
[1.787s] Installing ex02_remotectrl script to /home/robu/work/robu_holmon19_ws/install/robu/lib/robu
[1.788s] Installing ex03_obstacle_avoidance_simple script to /home/robu/work/robu_holmon19_ws/install/robu/lib/robu
[1.788s] Installing ex03_obstacle_avoidance_simple_mapping script to /home/robu/work/robu_holmon19_ws/install/robu/lib/robu
[1.789s] Installing ex10_wallfollower script to /home/robu/work/robu_holmon19_ws/install/robu/lib/robu
[1.789s] Installing helloworld script to /home/robu/work/robu_holmon19_ws/install/robu/lib/robu
[1.790s] Installing remotectrl script to /home/robu/work/robu_holmon19_ws/install/robu/lib/robu
[1.790s] Installing remotectrl_listener script to /home/robu/work/robu_holmon19_ws/install/robu/lib/robu
[1.790s] Installing remotectrl_sus script to /home/robu/work/robu_holmon19_ws/install/robu/lib/robu
[1.791s] 
[1.791s] Installed /home/robu/work/robu_holmon19_ws/build/robu
[1.791s] running install_data
[1.846s] Invoked command in '/home/robu/work/robu_holmon19_ws/build/robu' returned '0': PYTHONPATH=/home/robu/work/robu_holmon19_ws/build/robu/prefix_override:/home/robu/work/robu_holmon19_ws/install/robu/lib/python3.10/site-packages:${PYTHONPATH} /usr/bin/python3 setup.py develop --editable --build-directory /home/robu/work/robu_holmon19_ws/build/robu/build --no-deps install_data
