[0.509s] DEBUG:colcon:Command line arguments: ['/usr/bin/colcon', 'build', '--symlink-install', '--event-handlers', 'console_cohesion+', '--base-paths', '/home/robu/work/robu_holmon19_ws', '--cmake-args', '-DCMAKE_BUILD_TYPE=RelWithDebInfo']
[0.509s] DEBUG:colcon:Parsed command line arguments: Namespace(log_base=None, log_level=None, verb_name='build', build_base='build', install_base='install', merge_install=False, symlink_install=True, test_result_base=None, continue_on_error=False, executor='parallel', parallel_workers=2, event_handlers=['console_cohesion+'], ignore_user_meta=False, metas=['./colcon.meta'], base_paths=['/home/robu/work/robu_holmon19_ws'], packages_ignore=None, packages_ignore_regex=None, paths=None, packages_up_to=None, packages_up_to_regex=None, packages_above=None, packages_above_and_dependencies=None, packages_above_depth=None, packages_select_by_dep=None, packages_skip_by_dep=None, packages_skip_up_to=None, packages_select_build_failed=False, packages_skip_build_finished=False, packages_select_test_failures=False, packages_skip_test_passed=False, packages_select=None, packages_skip=None, packages_select_regex=None, packages_skip_regex=None, packages_start=None, packages_end=None, allow_overriding=[], cmake_args=['-DCMAKE_BUILD_TYPE=RelWithDebInfo'], cmake_target=None, cmake_target_skip_unavailable=False, cmake_clean_cache=False, cmake_clean_first=False, cmake_force_configure=False, ament_cmake_args=None, catkin_cmake_args=None, catkin_skip_building_tests=False, verb_parser=<colcon_defaults.argument_parser.defaults.DefaultArgumentsDecorator object at 0x7fcbcfff3070>, verb_extension=<colcon_core.verb.build.BuildVerb object at 0x7fcbcfff2b00>, main=<bound method BuildVerb.main of <colcon_core.verb.build.BuildVerb object at 0x7fcbcfff2b00>>)
[0.545s] Level 1:colcon.colcon_core.package_discovery:discover_packages(colcon_meta) check parameters
[0.545s] Level 1:colcon.colcon_core.package_discovery:discover_packages(recursive) check parameters
[0.545s] Level 1:colcon.colcon_core.package_discovery:discover_packages(ignore) check parameters
[0.545s] Level 1:colcon.colcon_core.package_discovery:discover_packages(path) check parameters
[0.545s] Level 1:colcon.colcon_core.package_discovery:discover_packages(recursive) discover
[0.545s] INFO:colcon.colcon_core.package_discovery:Crawling recursively for packages in '/home/robu/work/robu_holmon19_ws'
[0.545s] Level 1:colcon.colcon_core.package_identification:_identify(/home/robu/work/robu_holmon19_ws) by extensions ['ignore', 'ignore_ament_install']
[0.545s] Level 1:colcon.colcon_core.package_identification:_identify(/home/robu/work/robu_holmon19_ws) by extension 'ignore'
[0.546s] Level 1:colcon.colcon_core.package_identification:_identify(/home/robu/work/robu_holmon19_ws) by extension 'ignore_ament_install'
[0.546s] Level 1:colcon.colcon_core.package_identification:_identify(/home/robu/work/robu_holmon19_ws) by extensions ['colcon_pkg']
[0.546s] Level 1:colcon.colcon_core.package_identification:_identify(/home/robu/work/robu_holmon19_ws) by extension 'colcon_pkg'
[0.546s] Level 1:colcon.colcon_core.package_identification:_identify(/home/robu/work/robu_holmon19_ws) by extensions ['colcon_meta']
[0.546s] Level 1:colcon.colcon_core.package_identification:_identify(/home/robu/work/robu_holmon19_ws) by extension 'colcon_meta'
[0.546s] Level 1:colcon.colcon_core.package_identification:_identify(/home/robu/work/robu_holmon19_ws) by extensions ['ros']
[0.546s] Level 1:colcon.colcon_core.package_identification:_identify(/home/robu/work/robu_holmon19_ws) by extension 'ros'
[0.587s] Level 1:colcon.colcon_core.package_identification:_identify(/home/robu/work/robu_holmon19_ws) by extensions ['cmake', 'python']
[0.587s] Level 1:colcon.colcon_core.package_identification:_identify(/home/robu/work/robu_holmon19_ws) by extension 'cmake'
[0.587s] Level 1:colcon.colcon_core.package_identification:_identify(/home/robu/work/robu_holmon19_ws) by extension 'python'
[0.587s] Level 1:colcon.colcon_core.package_identification:_identify(/home/robu/work/robu_holmon19_ws) by extensions ['python_setup_py']
[0.587s] Level 1:colcon.colcon_core.package_identification:_identify(/home/robu/work/robu_holmon19_ws) by extension 'python_setup_py'
[0.588s] Level 1:colcon.colcon_core.package_identification:_identify(/home/robu/work/robu_holmon19_ws/build) by extensions ['ignore', 'ignore_ament_install']
[0.588s] Level 1:colcon.colcon_core.package_identification:_identify(/home/robu/work/robu_holmon19_ws/build) by extension 'ignore'
[0.588s] Level 1:colcon.colcon_core.package_identification:_identify(/home/robu/work/robu_holmon19_ws/build) ignored
[0.588s] Level 1:colcon.colcon_core.package_identification:_identify(/home/robu/work/robu_holmon19_ws/install) by extensions ['ignore', 'ignore_ament_install']
[0.588s] Level 1:colcon.colcon_core.package_identification:_identify(/home/robu/work/robu_holmon19_ws/install) by extension 'ignore'
[0.588s] Level 1:colcon.colcon_core.package_identification:_identify(/home/robu/work/robu_holmon19_ws/install) ignored
[0.588s] Level 1:colcon.colcon_core.package_identification:_identify(/home/robu/work/robu_holmon19_ws/log) by extensions ['ignore', 'ignore_ament_install']
[0.588s] Level 1:colcon.colcon_core.package_identification:_identify(/home/robu/work/robu_holmon19_ws/log) by extension 'ignore'
[0.589s] Level 1:colcon.colcon_core.package_identification:_identify(/home/robu/work/robu_holmon19_ws/log) ignored
[0.589s] Level 1:colcon.colcon_core.package_identification:_identify(/home/robu/work/robu_holmon19_ws/src) by extensions ['ignore', 'ignore_ament_install']
[0.589s] Level 1:colcon.colcon_core.package_identification:_identify(/home/robu/work/robu_holmon19_ws/src) by extension 'ignore'
[0.589s] Level 1:colcon.colcon_core.package_identification:_identify(/home/robu/work/robu_holmon19_ws/src) by extension 'ignore_ament_install'
[0.589s] Level 1:colcon.colcon_core.package_identification:_identify(/home/robu/work/robu_holmon19_ws/src) by extensions ['colcon_pkg']
[0.589s] Level 1:colcon.colcon_core.package_identification:_identify(/home/robu/work/robu_holmon19_ws/src) by extension 'colcon_pkg'
[0.589s] Level 1:colcon.colcon_core.package_identification:_identify(/home/robu/work/robu_holmon19_ws/src) by extensions ['colcon_meta']
[0.589s] Level 1:colcon.colcon_core.package_identification:_identify(/home/robu/work/robu_holmon19_ws/src) by extension 'colcon_meta'
[0.589s] Level 1:colcon.colcon_core.package_identification:_identify(/home/robu/work/robu_holmon19_ws/src) by extensions ['ros']
[0.589s] Level 1:colcon.colcon_core.package_identification:_identify(/home/robu/work/robu_holmon19_ws/src) by extension 'ros'
[0.589s] Level 1:colcon.colcon_core.package_identification:_identify(/home/robu/work/robu_holmon19_ws/src) by extensions ['cmake', 'python']
[0.589s] Level 1:colcon.colcon_core.package_identification:_identify(/home/robu/work/robu_holmon19_ws/src) by extension 'cmake'
[0.589s] Level 1:colcon.colcon_core.package_identification:_identify(/home/robu/work/robu_holmon19_ws/src) by extension 'python'
[0.589s] Level 1:colcon.colcon_core.package_identification:_identify(/home/robu/work/robu_holmon19_ws/src) by extensions ['python_setup_py']
[0.589s] Level 1:colcon.colcon_core.package_identification:_identify(/home/robu/work/robu_holmon19_ws/src) by extension 'python_setup_py'
[0.590s] Level 1:colcon.colcon_core.package_identification:_identify(/home/robu/work/robu_holmon19_ws/src/robu) by extensions ['ignore', 'ignore_ament_install']
[0.590s] Level 1:colcon.colcon_core.package_identification:_identify(/home/robu/work/robu_holmon19_ws/src/robu) by extension 'ignore'
[0.590s] Level 1:colcon.colcon_core.package_identification:_identify(/home/robu/work/robu_holmon19_ws/src/robu) by extension 'ignore_ament_install'
[0.590s] Level 1:colcon.colcon_core.package_identification:_identify(/home/robu/work/robu_holmon19_ws/src/robu) by extensions ['colcon_pkg']
[0.590s] Level 1:colcon.colcon_core.package_identification:_identify(/home/robu/work/robu_holmon19_ws/src/robu) by extension 'colcon_pkg'
[0.590s] Level 1:colcon.colcon_core.package_identification:_identify(/home/robu/work/robu_holmon19_ws/src/robu) by extensions ['colcon_meta']
[0.590s] Level 1:colcon.colcon_core.package_identification:_identify(/home/robu/work/robu_holmon19_ws/src/robu) by extension 'colcon_meta'
[0.590s] Level 1:colcon.colcon_core.package_identification:_identify(/home/robu/work/robu_holmon19_ws/src/robu) by extensions ['ros']
[0.590s] Level 1:colcon.colcon_core.package_identification:_identify(/home/robu/work/robu_holmon19_ws/src/robu) by extension 'ros'
[0.598s] DEBUG:colcon.colcon_core.package_identification:Package '/home/robu/work/robu_holmon19_ws/src/robu' with type 'ros.ament_python' and name 'robu'
[0.598s] Level 1:colcon.colcon_core.package_discovery:discover_packages(recursive) using defaults
[0.653s] Level 1:colcon.colcon_core.package_discovery:discover_packages(prefix_path) check parameters
[0.653s] Level 1:colcon.colcon_core.package_discovery:discover_packages(prefix_path) discover
[0.663s] DEBUG:colcon.colcon_installed_package_information.package_discovery:Found 1 installed packages in /home/robu/work/robu_holmon19_ws/install
[0.665s] DEBUG:colcon.colcon_installed_package_information.package_discovery:Found 17 installed packages in /home/robu/work/turtlebot3_ws/install
[0.669s] DEBUG:colcon.colcon_installed_package_information.package_discovery:Found 358 installed packages in /opt/ros/humble
[0.673s] Level 1:colcon.colcon_core.package_discovery:discover_packages(prefix_path) using defaults
[0.865s] Level 5:colcon.colcon_core.verb:set package 'robu' build argument 'cmake_args' from command line to '['-DCMAKE_BUILD_TYPE=RelWithDebInfo']'
[0.866s] Level 5:colcon.colcon_core.verb:set package 'robu' build argument 'cmake_target' from command line to 'None'
[0.866s] Level 5:colcon.colcon_core.verb:set package 'robu' build argument 'cmake_target_skip_unavailable' from command line to 'False'
[0.866s] Level 5:colcon.colcon_core.verb:set package 'robu' build argument 'cmake_clean_cache' from command line to 'False'
[0.866s] Level 5:colcon.colcon_core.verb:set package 'robu' build argument 'cmake_clean_first' from command line to 'False'
[0.866s] Level 5:colcon.colcon_core.verb:set package 'robu' build argument 'cmake_force_configure' from command line to 'False'
[0.866s] Level 5:colcon.colcon_core.verb:set package 'robu' build argument 'ament_cmake_args' from command line to 'None'
[0.866s] Level 5:colcon.colcon_core.verb:set package 'robu' build argument 'catkin_cmake_args' from command line to 'None'
[0.866s] Level 5:colcon.colcon_core.verb:set package 'robu' build argument 'catkin_skip_building_tests' from command line to 'False'
[0.866s] DEBUG:colcon.colcon_core.verb:Building package 'robu' with the following arguments: {'ament_cmake_args': None, 'build_base': '/home/robu/work/robu_holmon19_ws/build/robu', 'catkin_cmake_args': None, 'catkin_skip_building_tests': False, 'cmake_args': ['-DCMAKE_BUILD_TYPE=RelWithDebInfo'], 'cmake_clean_cache': False, 'cmake_clean_first': False, 'cmake_force_configure': False, 'cmake_target': None, 'cmake_target_skip_unavailable': False, 'install_base': '/home/robu/work/robu_holmon19_ws/install/robu', 'merge_install': False, 'path': '/home/robu/work/robu_holmon19_ws/src/robu', 'symlink_install': True, 'test_result_base': None}
[0.867s] INFO:colcon.colcon_core.executor:Executing jobs using 'parallel' executor
[0.870s] DEBUG:colcon.colcon_parallel_executor.executor.parallel:run_until_complete
[0.871s] INFO:colcon.colcon_ros.task.ament_python.build:Building ROS package in '/home/robu/work/robu_holmon19_ws/src/robu' with build type 'ament_python'
[0.871s] Level 1:colcon.colcon_core.shell:create_environment_hook('robu', 'ament_prefix_path')
[0.887s] INFO:colcon.colcon_core.plugin_system:Skipping extension 'colcon_core.shell.bat': Not used on non-Windows systems
[0.888s] INFO:colcon.colcon_core.shell:Creating environment hook '/home/robu/work/robu_holmon19_ws/install/robu/share/robu/hook/ament_prefix_path.ps1'
[0.889s] INFO:colcon.colcon_core.shell:Creating environment descriptor '/home/robu/work/robu_holmon19_ws/install/robu/share/robu/hook/ament_prefix_path.dsv'
[0.891s] INFO:colcon.colcon_core.shell:Creating environment hook '/home/robu/work/robu_holmon19_ws/install/robu/share/robu/hook/ament_prefix_path.sh'
[0.895s] INFO:colcon.colcon_core.shell:Skip shell extension 'powershell' for command environment: Not usable outside of PowerShell
[0.895s] DEBUG:colcon.colcon_core.shell:Skip shell extension 'dsv' for command environment
[1.449s] INFO:colcon.colcon_core.task.python.build:Building Python package in '/home/robu/work/robu_holmon19_ws/src/robu'
[1.451s] INFO:colcon.colcon_core.shell:Skip shell extension 'powershell' for command environment: Not usable outside of PowerShell
[1.451s] DEBUG:colcon.colcon_core.shell:Skip shell extension 'dsv' for command environment
[2.242s] DEBUG:colcon.colcon_core.event_handler.log_command:Invoking command in '/home/robu/work/robu_holmon19_ws/build/robu': PYTHONPATH=/home/robu/work/robu_holmon19_ws/build/robu/prefix_override:/home/robu/work/robu_holmon19_ws/install/robu/lib/python3.10/site-packages:${PYTHONPATH} /usr/bin/python3 setup.py develop --editable --build-directory /home/robu/work/robu_holmon19_ws/build/robu/build --no-deps install_data
[2.984s] Level 1:colcon.colcon_core.shell:create_environment_hook('robu', 'pythonpath_develop')
[2.986s] INFO:colcon.colcon_core.shell:Creating environment hook '/home/robu/work/robu_holmon19_ws/build/robu/share/robu/hook/pythonpath_develop.ps1'
[2.987s] INFO:colcon.colcon_core.shell:Creating environment descriptor '/home/robu/work/robu_holmon19_ws/build/robu/share/robu/hook/pythonpath_develop.dsv'
[2.987s] INFO:colcon.colcon_core.shell:Creating environment hook '/home/robu/work/robu_holmon19_ws/build/robu/share/robu/hook/pythonpath_develop.sh'
[2.989s] DEBUG:colcon.colcon_core.event_handler.log_command:Invoked command in '/home/robu/work/robu_holmon19_ws/build/robu' returned '0': PYTHONPATH=/home/robu/work/robu_holmon19_ws/build/robu/prefix_override:/home/robu/work/robu_holmon19_ws/install/robu/lib/python3.10/site-packages:${PYTHONPATH} /usr/bin/python3 setup.py develop --editable --build-directory /home/robu/work/robu_holmon19_ws/build/robu/build --no-deps install_data
[3.003s] Level 1:colcon.colcon_core.environment:checking '/home/robu/work/robu_holmon19_ws/install/robu' for CMake module files
[3.003s] Level 1:colcon.colcon_core.environment:checking '/home/robu/work/robu_holmon19_ws/install/robu' for CMake config files
[3.004s] Level 1:colcon.colcon_core.environment:checking '/home/robu/work/robu_holmon19_ws/install/robu/lib'
[3.005s] Level 1:colcon.colcon_core.environment:checking '/home/robu/work/robu_holmon19_ws/install/robu/bin'
[3.005s] Level 1:colcon.colcon_core.environment:checking '/home/robu/work/robu_holmon19_ws/install/robu/lib/pkgconfig/robu.pc'
[3.005s] Level 1:colcon.colcon_core.environment:checking '/home/robu/work/robu_holmon19_ws/install/robu/lib/python3.10/site-packages'
[3.005s] Level 1:colcon.colcon_core.shell:create_environment_hook('robu', 'pythonpath')
[3.006s] INFO:colcon.colcon_core.shell:Creating environment hook '/home/robu/work/robu_holmon19_ws/install/robu/share/robu/hook/pythonpath.ps1'
[3.007s] INFO:colcon.colcon_core.shell:Creating environment descriptor '/home/robu/work/robu_holmon19_ws/install/robu/share/robu/hook/pythonpath.dsv'
[3.008s] INFO:colcon.colcon_core.shell:Creating environment hook '/home/robu/work/robu_holmon19_ws/install/robu/share/robu/hook/pythonpath.sh'
[3.008s] Level 1:colcon.colcon_core.environment:checking '/home/robu/work/robu_holmon19_ws/install/robu/bin'
[3.008s] Level 1:colcon.colcon_core.environment:create_environment_scripts_only(robu)
[3.013s] INFO:colcon.colcon_core.shell:Creating package script '/home/robu/work/robu_holmon19_ws/install/robu/share/robu/package.ps1'
[3.017s] INFO:colcon.colcon_core.shell:Creating package descriptor '/home/robu/work/robu_holmon19_ws/install/robu/share/robu/package.dsv'
[3.018s] INFO:colcon.colcon_core.shell:Creating package script '/home/robu/work/robu_holmon19_ws/install/robu/share/robu/package.sh'
[3.020s] INFO:colcon.colcon_core.shell:Creating package script '/home/robu/work/robu_holmon19_ws/install/robu/share/robu/package.bash'
[3.025s] INFO:colcon.colcon_core.shell:Creating package script '/home/robu/work/robu_holmon19_ws/install/robu/share/robu/package.zsh'
[3.026s] Level 1:colcon.colcon_core.environment:create_file_with_runtime_dependencies(/home/robu/work/robu_holmon19_ws/install/robu/share/colcon-core/packages/robu)
[3.028s] DEBUG:colcon.colcon_parallel_executor.executor.parallel:closing loop
[3.028s] DEBUG:colcon.colcon_parallel_executor.executor.parallel:loop closed
[3.028s] DEBUG:colcon.colcon_parallel_executor.executor.parallel:run_until_complete finished with '0'
[3.028s] DEBUG:colcon.colcon_core.event_reactor:joining thread
[3.038s] INFO:colcon.colcon_core.plugin_system:Skipping extension 'colcon_notification.desktop_notification.terminal_notifier': Not used on non-Darwin systems
[3.038s] INFO:colcon.colcon_core.plugin_system:Skipping extension 'colcon_notification.desktop_notification.win32': Not used on non-Windows systems
[3.038s] INFO:colcon.colcon_notification.desktop_notification:Sending desktop notification using 'notify2'
[3.144s] DEBUG:colcon.colcon_core.event_reactor:joined thread
[3.146s] INFO:colcon.colcon_core.shell:Creating prefix script '/home/robu/work/robu_holmon19_ws/install/local_setup.ps1'
[3.148s] INFO:colcon.colcon_core.shell:Creating prefix util module '/home/robu/work/robu_holmon19_ws/install/_local_setup_util_ps1.py'
[3.150s] INFO:colcon.colcon_core.shell:Creating prefix chain script '/home/robu/work/robu_holmon19_ws/install/setup.ps1'
[3.156s] INFO:colcon.colcon_core.shell:Creating prefix script '/home/robu/work/robu_holmon19_ws/install/local_setup.sh'
[3.158s] INFO:colcon.colcon_core.shell:Creating prefix util module '/home/robu/work/robu_holmon19_ws/install/_local_setup_util_sh.py'
[3.159s] INFO:colcon.colcon_core.shell:Creating prefix chain script '/home/robu/work/robu_holmon19_ws/install/setup.sh'
[3.164s] INFO:colcon.colcon_core.shell:Creating prefix script '/home/robu/work/robu_holmon19_ws/install/local_setup.bash'
[3.166s] INFO:colcon.colcon_core.shell:Creating prefix chain script '/home/robu/work/robu_holmon19_ws/install/setup.bash'
[3.173s] INFO:colcon.colcon_core.shell:Creating prefix script '/home/robu/work/robu_holmon19_ws/install/local_setup.zsh'
[3.175s] INFO:colcon.colcon_core.shell:Creating prefix chain script '/home/robu/work/robu_holmon19_ws/install/setup.zsh'
