[1.127s] Invoking command in '/home/robu/work/robu_holmon19_ws/build/robu': PYTHONPATH=/home/robu/work/robu_holmon19_ws/build/robu/prefix_override:/home/robu/work/robu_holmon19_ws/install/robu/lib/python3.10/site-packages:${PYTHONPATH} /usr/bin/python3 setup.py develop --editable --build-directory /home/robu/work/robu_holmon19_ws/build/robu/build --no-deps install_data
[1.570s] running develop
[1.816s] running egg_info
[1.817s] writing robu.egg-info/PKG-INFO
[1.818s] writing dependency_links to robu.egg-info/dependency_links.txt
[1.818s] writing entry points to robu.egg-info/entry_points.txt
[1.819s] writing requirements to robu.egg-info/requires.txt
[1.819s] writing top-level names to robu.egg-info/top_level.txt
[1.822s] reading manifest file 'robu.egg-info/SOURCES.txt'
[1.825s] writing manifest file 'robu.egg-info/SOURCES.txt'
[1.827s] running build_ext
[1.828s] Creating /home/robu/work/robu_holmon19_ws/install/robu/lib/python3.10/site-packages/robu.egg-link (link to .)
[1.829s] Installing ex02_remotectrl script to /home/robu/work/robu_holmon19_ws/install/robu/lib/robu
[1.829s] Installing ex03_obstacle_avoidance_simple script to /home/robu/work/robu_holmon19_ws/install/robu/lib/robu
[1.830s] Installing ex03_obstacle_avoidance_simple_mapping script to /home/robu/work/robu_holmon19_ws/install/robu/lib/robu
[1.830s] Installing ex10_wallfollower script to /home/robu/work/robu_holmon19_ws/install/robu/lib/robu
[1.831s] Installing helloworld script to /home/robu/work/robu_holmon19_ws/install/robu/lib/robu
[1.831s] Installing mypublisher script to /home/robu/work/robu_holmon19_ws/install/robu/lib/robu
[1.831s] Installing mysubscriber script to /home/robu/work/robu_holmon19_ws/install/robu/lib/robu
[1.832s] Installing remotectrl script to /home/robu/work/robu_holmon19_ws/install/robu/lib/robu
[1.832s] Installing remotectrl_listener script to /home/robu/work/robu_holmon19_ws/install/robu/lib/robu
[1.833s] Installing remotectrl_sus script to /home/robu/work/robu_holmon19_ws/install/robu/lib/robu
[1.833s] 
[1.833s] Installed /home/robu/work/robu_holmon19_ws/build/robu
[1.834s] running install_data
[1.892s] Invoked command in '/home/robu/work/robu_holmon19_ws/build/robu' returned '0': PYTHONPATH=/home/robu/work/robu_holmon19_ws/build/robu/prefix_override:/home/robu/work/robu_holmon19_ws/install/robu/lib/python3.10/site-packages:${PYTHONPATH} /usr/bin/python3 setup.py develop --editable --build-directory /home/robu/work/robu_holmon19_ws/build/robu/build --no-deps install_data
