[0.968s] Invoking command in '/home/robu/work/robu_holmon19_ws/build/robu': PYTHONPATH=/home/robu/work/robu_holmon19_ws/build/robu/prefix_override:/home/robu/work/robu_holmon19_ws/install/robu/lib/python3.10/site-packages:${PYTHONPATH} /usr/bin/python3 setup.py develop --editable --build-directory /home/robu/work/robu_holmon19_ws/build/robu/build --no-deps install_data
[1.420s] running develop
[1.688s] running egg_info
[1.688s] writing robu.egg-info/PKG-INFO
[1.689s] writing dependency_links to robu.egg-info/dependency_links.txt
[1.689s] writing entry points to robu.egg-info/entry_points.txt
[1.689s] writing requirements to robu.egg-info/requires.txt
[1.690s] writing top-level names to robu.egg-info/top_level.txt
[1.692s] reading manifest file 'robu.egg-info/SOURCES.txt'
[1.694s] writing manifest file 'robu.egg-info/SOURCES.txt'
[1.696s] running build_ext
[1.697s] Creating /home/robu/work/robu_holmon19_ws/install/robu/lib/python3.10/site-packages/robu.egg-link (link to .)
[1.698s] Installing ex02_remotectrl script to /home/robu/work/robu_holmon19_ws/install/robu/lib/robu
[1.698s] Installing ex03_obstacle_avoidance_simple script to /home/robu/work/robu_holmon19_ws/install/robu/lib/robu
[1.698s] Installing ex03_obstacle_avoidance_simple_mapping script to /home/robu/work/robu_holmon19_ws/install/robu/lib/robu
[1.699s] Installing ex10_wallfollower script to /home/robu/work/robu_holmon19_ws/install/robu/lib/robu
[1.699s] Installing helloworld script to /home/robu/work/robu_holmon19_ws/install/robu/lib/robu
[1.699s] Installing mypublisher script to /home/robu/work/robu_holmon19_ws/install/robu/lib/robu
[1.700s] Installing mysubscriber script to /home/robu/work/robu_holmon19_ws/install/robu/lib/robu
[1.700s] Installing remotectrl script to /home/robu/work/robu_holmon19_ws/install/robu/lib/robu
[1.700s] Installing remotectrl_listener script to /home/robu/work/robu_holmon19_ws/install/robu/lib/robu
[1.700s] Installing remotectrl_sus script to /home/robu/work/robu_holmon19_ws/install/robu/lib/robu
[1.701s] 
[1.701s] Installed /home/robu/work/robu_holmon19_ws/build/robu
[1.701s] running install_data
[1.758s] Invoked command in '/home/robu/work/robu_holmon19_ws/build/robu' returned '0': PYTHONPATH=/home/robu/work/robu_holmon19_ws/build/robu/prefix_override:/home/robu/work/robu_holmon19_ws/install/robu/lib/python3.10/site-packages:${PYTHONPATH} /usr/bin/python3 setup.py develop --editable --build-directory /home/robu/work/robu_holmon19_ws/build/robu/build --no-deps install_data
