[0.963s] Invoking command in '/home/robu/work/robu_holmon19_ws/build/robu': PYTHONPATH=/home/robu/work/robu_holmon19_ws/build/robu/prefix_override:/home/robu/work/robu_holmon19_ws/install/robu/lib/python3.10/site-packages:${PYTHONPATH} /usr/bin/python3 setup.py develop --uninstall --editable --build-directory /home/robu/work/robu_holmon19_ws/build/robu/build
[1.363s] running develop
[1.625s] Removing /home/robu/work/robu_holmon19_ws/install/robu/lib/python3.10/site-packages/robu.egg-link (link to .)
[1.678s] Invoked command in '/home/robu/work/robu_holmon19_ws/build/robu' returned '0': PYTHONPATH=/home/robu/work/robu_holmon19_ws/build/robu/prefix_override:/home/robu/work/robu_holmon19_ws/install/robu/lib/python3.10/site-packages:${PYTHONPATH} /usr/bin/python3 setup.py develop --uninstall --editable --build-directory /home/robu/work/robu_holmon19_ws/build/robu/build
[1.685s] Invoking command in '/home/robu/work/robu_holmon19_ws/src/robu': PYTHONPATH=/home/robu/work/robu_holmon19_ws/build/robu/prefix_override:/home/robu/work/robu_holmon19_ws/install/robu/lib/python3.10/site-packages:${PYTHONPATH} /usr/bin/python3 setup.py egg_info --egg-base ../../build/robu build --build-base /home/robu/work/robu_holmon19_ws/build/robu/build install --record /home/robu/work/robu_holmon19_ws/build/robu/install.log --single-version-externally-managed
[2.133s] running egg_info
[2.134s] writing ../../build/robu/robu.egg-info/PKG-INFO
[2.135s] writing dependency_links to ../../build/robu/robu.egg-info/dependency_links.txt
[2.136s] writing entry points to ../../build/robu/robu.egg-info/entry_points.txt
[2.137s] writing requirements to ../../build/robu/robu.egg-info/requires.txt
[2.138s] writing top-level names to ../../build/robu/robu.egg-info/top_level.txt
[2.142s] reading manifest file '../../build/robu/robu.egg-info/SOURCES.txt'
[2.144s] writing manifest file '../../build/robu/robu.egg-info/SOURCES.txt'
[2.145s] running build
[2.145s] running build_py
[2.146s] creating /home/robu/work/robu_holmon19_ws/build/robu/build
[2.146s] creating /home/robu/work/robu_holmon19_ws/build/robu/build/lib
[2.147s] creating /home/robu/work/robu_holmon19_ws/build/robu/build/lib/robu
[2.147s] copying robu/ex03_obstacle_avoidance_simple.py -> /home/robu/work/robu_holmon19_ws/build/robu/build/lib/robu
[2.149s] copying robu/ex10_wallfollower.py -> /home/robu/work/robu_holmon19_ws/build/robu/build/lib/robu
[2.149s] copying robu/ex02_remotectrl.py -> /home/robu/work/robu_holmon19_ws/build/robu/build/lib/robu
[2.150s] copying robu/publisher_member_function.py -> /home/robu/work/robu_holmon19_ws/build/robu/build/lib/robu
[2.150s] copying robu/helloworld.py -> /home/robu/work/robu_holmon19_ws/build/robu/build/lib/robu
[2.150s] copying robu/ex03_obstacle_avoidance_simple_mapping.py -> /home/robu/work/robu_holmon19_ws/build/robu/build/lib/robu
[2.151s] copying robu/__init__.py -> /home/robu/work/robu_holmon19_ws/build/robu/build/lib/robu
[2.151s] copying robu/remotectrl_listener.py -> /home/robu/work/robu_holmon19_ws/build/robu/build/lib/robu
[2.152s] copying robu/subscriber_member_function.py -> /home/robu/work/robu_holmon19_ws/build/robu/build/lib/robu
[2.155s] copying robu/remotectrl_sus.py -> /home/robu/work/robu_holmon19_ws/build/robu/build/lib/robu
[2.156s] running install
[2.157s] running install_lib
[2.158s] creating /home/robu/work/robu_holmon19_ws/install/robu/lib/python3.10/site-packages/robu
[2.158s] copying /home/robu/work/robu_holmon19_ws/build/robu/build/lib/robu/ex03_obstacle_avoidance_simple.py -> /home/robu/work/robu_holmon19_ws/install/robu/lib/python3.10/site-packages/robu
[2.159s] copying /home/robu/work/robu_holmon19_ws/build/robu/build/lib/robu/ex10_wallfollower.py -> /home/robu/work/robu_holmon19_ws/install/robu/lib/python3.10/site-packages/robu
[2.159s] copying /home/robu/work/robu_holmon19_ws/build/robu/build/lib/robu/ex02_remotectrl.py -> /home/robu/work/robu_holmon19_ws/install/robu/lib/python3.10/site-packages/robu
[2.159s] copying /home/robu/work/robu_holmon19_ws/build/robu/build/lib/robu/publisher_member_function.py -> /home/robu/work/robu_holmon19_ws/install/robu/lib/python3.10/site-packages/robu
[2.160s] copying /home/robu/work/robu_holmon19_ws/build/robu/build/lib/robu/helloworld.py -> /home/robu/work/robu_holmon19_ws/install/robu/lib/python3.10/site-packages/robu
[2.160s] copying /home/robu/work/robu_holmon19_ws/build/robu/build/lib/robu/ex03_obstacle_avoidance_simple_mapping.py -> /home/robu/work/robu_holmon19_ws/install/robu/lib/python3.10/site-packages/robu
[2.161s] copying /home/robu/work/robu_holmon19_ws/build/robu/build/lib/robu/__init__.py -> /home/robu/work/robu_holmon19_ws/install/robu/lib/python3.10/site-packages/robu
[2.161s] copying /home/robu/work/robu_holmon19_ws/build/robu/build/lib/robu/remotectrl_listener.py -> /home/robu/work/robu_holmon19_ws/install/robu/lib/python3.10/site-packages/robu
[2.162s] copying /home/robu/work/robu_holmon19_ws/build/robu/build/lib/robu/subscriber_member_function.py -> /home/robu/work/robu_holmon19_ws/install/robu/lib/python3.10/site-packages/robu
[2.162s] copying /home/robu/work/robu_holmon19_ws/build/robu/build/lib/robu/remotectrl_sus.py -> /home/robu/work/robu_holmon19_ws/install/robu/lib/python3.10/site-packages/robu
[2.164s] byte-compiling /home/robu/work/robu_holmon19_ws/install/robu/lib/python3.10/site-packages/robu/ex03_obstacle_avoidance_simple.py to ex03_obstacle_avoidance_simple.cpython-310.pyc
[2.166s] byte-compiling /home/robu/work/robu_holmon19_ws/install/robu/lib/python3.10/site-packages/robu/ex10_wallfollower.py to ex10_wallfollower.cpython-310.pyc
[2.167s] byte-compiling /home/robu/work/robu_holmon19_ws/install/robu/lib/python3.10/site-packages/robu/ex02_remotectrl.py to ex02_remotectrl.cpython-310.pyc
[2.168s] byte-compiling /home/robu/work/robu_holmon19_ws/install/robu/lib/python3.10/site-packages/robu/publisher_member_function.py to publisher_member_function.cpython-310.pyc
[2.169s] byte-compiling /home/robu/work/robu_holmon19_ws/install/robu/lib/python3.10/site-packages/robu/helloworld.py to helloworld.cpython-310.pyc
[2.169s] byte-compiling /home/robu/work/robu_holmon19_ws/install/robu/lib/python3.10/site-packages/robu/ex03_obstacle_avoidance_simple_mapping.py to ex03_obstacle_avoidance_simple_mapping.cpython-310.pyc
[2.171s] byte-compiling /home/robu/work/robu_holmon19_ws/install/robu/lib/python3.10/site-packages/robu/__init__.py to __init__.cpython-310.pyc
[2.172s] byte-compiling /home/robu/work/robu_holmon19_ws/install/robu/lib/python3.10/site-packages/robu/remotectrl_listener.py to remotectrl_listener.cpython-310.pyc
[2.172s] byte-compiling /home/robu/work/robu_holmon19_ws/install/robu/lib/python3.10/site-packages/robu/subscriber_member_function.py to subscriber_member_function.cpython-310.pyc
[2.173s] byte-compiling /home/robu/work/robu_holmon19_ws/install/robu/lib/python3.10/site-packages/robu/remotectrl_sus.py to remotectrl_sus.cpython-310.pyc
[2.174s] running install_data
[2.175s] running install_egg_info
[2.178s] Copying ../../build/robu/robu.egg-info to /home/robu/work/robu_holmon19_ws/install/robu/lib/python3.10/site-packages/robu-0.0.0-py3.10.egg-info
[2.180s] running install_scripts
[2.211s] Installing ex02_remotectrl script to /home/robu/work/robu_holmon19_ws/install/robu/lib/robu
[2.211s] Installing ex03_obstacle_avoidance_simple script to /home/robu/work/robu_holmon19_ws/install/robu/lib/robu
[2.212s] Installing ex03_obstacle_avoidance_simple_mapping script to /home/robu/work/robu_holmon19_ws/install/robu/lib/robu
[2.212s] Installing helloworld script to /home/robu/work/robu_holmon19_ws/install/robu/lib/robu
[2.213s] Installing remotectrl script to /home/robu/work/robu_holmon19_ws/install/robu/lib/robu
[2.213s] Installing remotectrl_listener script to /home/robu/work/robu_holmon19_ws/install/robu/lib/robu
[2.214s] Installing remotectrl_sus script to /home/robu/work/robu_holmon19_ws/install/robu/lib/robu
[2.215s] writing list of installed files to '/home/robu/work/robu_holmon19_ws/build/robu/install.log'
[2.269s] Invoked command in '/home/robu/work/robu_holmon19_ws/src/robu' returned '0': PYTHONPATH=/home/robu/work/robu_holmon19_ws/build/robu/prefix_override:/home/robu/work/robu_holmon19_ws/install/robu/lib/python3.10/site-packages:${PYTHONPATH} /usr/bin/python3 setup.py egg_info --egg-base ../../build/robu build --build-base /home/robu/work/robu_holmon19_ws/build/robu/build install --record /home/robu/work/robu_holmon19_ws/build/robu/install.log --single-version-externally-managed
