[1.424s] Invoking command in '/home/robu/work/robu_holmon19_ws/build/robu': PYTHONPATH=/home/robu/work/robu_holmon19_ws/build/robu/prefix_override:/home/robu/work/robu_holmon19_ws/install/robu/lib/python3.10/site-packages:${PYTHONPATH} /usr/bin/python3 setup.py develop --uninstall --editable --build-directory /home/robu/work/robu_holmon19_ws/build/robu/build
[2.013s] running develop
[2.486s] Invoked command in '/home/robu/work/robu_holmon19_ws/build/robu' returned '0': PYTHONPATH=/home/robu/work/robu_holmon19_ws/build/robu/prefix_override:/home/robu/work/robu_holmon19_ws/install/robu/lib/python3.10/site-packages:${PYTHONPATH} /usr/bin/python3 setup.py develop --uninstall --editable --build-directory /home/robu/work/robu_holmon19_ws/build/robu/build
[2.486s] Invoking command in '/home/robu/work/robu_holmon19_ws/src/robu': PYTHONPATH=/home/robu/work/robu_holmon19_ws/build/robu/prefix_override:/home/robu/work/robu_holmon19_ws/install/robu/lib/python3.10/site-packages:${PYTHONPATH} /usr/bin/python3 setup.py egg_info --egg-base ../../build/robu build --build-base /home/robu/work/robu_holmon19_ws/build/robu/build install --record /home/robu/work/robu_holmon19_ws/build/robu/install.log --single-version-externally-managed
[3.032s] running egg_info
[3.034s] writing ../../build/robu/robu.egg-info/PKG-INFO
[3.035s] writing dependency_links to ../../build/robu/robu.egg-info/dependency_links.txt
[3.035s] writing entry points to ../../build/robu/robu.egg-info/entry_points.txt
[3.036s] writing requirements to ../../build/robu/robu.egg-info/requires.txt
[3.036s] writing top-level names to ../../build/robu/robu.egg-info/top_level.txt
[3.043s] reading manifest file '../../build/robu/robu.egg-info/SOURCES.txt'
[3.044s] writing manifest file '../../build/robu/robu.egg-info/SOURCES.txt'
[3.045s] running build
[3.045s] running build_py
[3.046s] running install
[3.047s] running install_lib
[3.052s] running install_data
[3.053s] running install_egg_info
[3.056s] removing '/home/robu/work/robu_holmon19_ws/install/robu/lib/python3.10/site-packages/robu-0.0.0-py3.10.egg-info' (and everything under it)
[3.064s] Copying ../../build/robu/robu.egg-info to /home/robu/work/robu_holmon19_ws/install/robu/lib/python3.10/site-packages/robu-0.0.0-py3.10.egg-info
[3.066s] running install_scripts
[3.109s] Installing ex02_remotectrl script to /home/robu/work/robu_holmon19_ws/install/robu/lib/robu
[3.110s] Installing ex03_obstacle_avoidance_simple script to /home/robu/work/robu_holmon19_ws/install/robu/lib/robu
[3.111s] Installing ex03_obstacle_avoidance_simple_mapping script to /home/robu/work/robu_holmon19_ws/install/robu/lib/robu
[3.111s] Installing ex10_wallfollower script to /home/robu/work/robu_holmon19_ws/install/robu/lib/robu
[3.116s] Installing helloworld script to /home/robu/work/robu_holmon19_ws/install/robu/lib/robu
[3.117s] Installing mypublisher script to /home/robu/work/robu_holmon19_ws/install/robu/lib/robu
[3.117s] Installing mysubscriber script to /home/robu/work/robu_holmon19_ws/install/robu/lib/robu
[3.118s] Installing remotectrl script to /home/robu/work/robu_holmon19_ws/install/robu/lib/robu
[3.118s] Installing remotectrl_listener script to /home/robu/work/robu_holmon19_ws/install/robu/lib/robu
[3.119s] Installing remotectrl_sus script to /home/robu/work/robu_holmon19_ws/install/robu/lib/robu
[3.120s] writing list of installed files to '/home/robu/work/robu_holmon19_ws/build/robu/install.log'
[3.192s] Invoked command in '/home/robu/work/robu_holmon19_ws/src/robu' returned '0': PYTHONPATH=/home/robu/work/robu_holmon19_ws/build/robu/prefix_override:/home/robu/work/robu_holmon19_ws/install/robu/lib/python3.10/site-packages:${PYTHONPATH} /usr/bin/python3 setup.py egg_info --egg-base ../../build/robu build --build-base /home/robu/work/robu_holmon19_ws/build/robu/build install --record /home/robu/work/robu_holmon19_ws/build/robu/install.log --single-version-externally-managed
