[1.419s] Invoking command in '/home/robu/work/robu_holmon19_ws/build/robu': PYTHONPATH=/home/robu/work/robu_holmon19_ws/build/robu/prefix_override:/home/robu/work/robu_holmon19_ws/install/robu/lib/python3.10/site-packages:${PYTHONPATH} /usr/bin/python3 setup.py develop --uninstall --editable --build-directory /home/robu/work/robu_holmon19_ws/build/robu/build
[2.045s] running develop
[2.487s] Invoked command in '/home/robu/work/robu_holmon19_ws/build/robu' returned '0': PYTHONPATH=/home/robu/work/robu_holmon19_ws/build/robu/prefix_override:/home/robu/work/robu_holmon19_ws/install/robu/lib/python3.10/site-packages:${PYTHONPATH} /usr/bin/python3 setup.py develop --uninstall --editable --build-directory /home/robu/work/robu_holmon19_ws/build/robu/build
[2.488s] Invoking command in '/home/robu/work/robu_holmon19_ws/src/robu': PYTHONPATH=/home/robu/work/robu_holmon19_ws/build/robu/prefix_override:/home/robu/work/robu_holmon19_ws/install/robu/lib/python3.10/site-packages:${PYTHONPATH} /usr/bin/python3 setup.py egg_info --egg-base ../../build/robu build --build-base /home/robu/work/robu_holmon19_ws/build/robu/build install --record /home/robu/work/robu_holmon19_ws/build/robu/install.log --single-version-externally-managed
[3.027s] running egg_info
[3.029s] writing ../../build/robu/robu.egg-info/PKG-INFO
[3.030s] writing dependency_links to ../../build/robu/robu.egg-info/dependency_links.txt
[3.031s] writing entry points to ../../build/robu/robu.egg-info/entry_points.txt
[3.033s] writing requirements to ../../build/robu/robu.egg-info/requires.txt
[3.033s] writing top-level names to ../../build/robu/robu.egg-info/top_level.txt
[3.040s] reading manifest file '../../build/robu/robu.egg-info/SOURCES.txt'
[3.041s] writing manifest file '../../build/robu/robu.egg-info/SOURCES.txt'
[3.043s] running build
[3.043s] running build_py
[3.045s] copying robu/ex10_wallfollower.py -> /home/robu/work/robu_holmon19_ws/build/robu/build/lib/robu
[3.047s] running install
[3.050s] running install_lib
[3.051s] copying /home/robu/work/robu_holmon19_ws/build/robu/build/lib/robu/ex10_wallfollower.py -> /home/robu/work/robu_holmon19_ws/install/robu/lib/python3.10/site-packages/robu
[3.062s] byte-compiling /home/robu/work/robu_holmon19_ws/install/robu/lib/python3.10/site-packages/robu/ex10_wallfollower.py to ex10_wallfollower.cpython-310.pyc
[3.071s] running install_data
[3.076s] running install_egg_info
[3.082s] removing '/home/robu/work/robu_holmon19_ws/install/robu/lib/python3.10/site-packages/robu-0.0.0-py3.10.egg-info' (and everything under it)
[3.089s] Copying ../../build/robu/robu.egg-info to /home/robu/work/robu_holmon19_ws/install/robu/lib/python3.10/site-packages/robu-0.0.0-py3.10.egg-info
[3.091s] running install_scripts
[3.133s] Installing ex02_remotectrl script to /home/robu/work/robu_holmon19_ws/install/robu/lib/robu
[3.137s] Installing ex03_obstacle_avoidance_simple script to /home/robu/work/robu_holmon19_ws/install/robu/lib/robu
[3.138s] Installing ex03_obstacle_avoidance_simple_mapping script to /home/robu/work/robu_holmon19_ws/install/robu/lib/robu
[3.138s] Installing ex10_wallfollower script to /home/robu/work/robu_holmon19_ws/install/robu/lib/robu
[3.139s] Installing helloworld script to /home/robu/work/robu_holmon19_ws/install/robu/lib/robu
[3.139s] Installing mypublisher script to /home/robu/work/robu_holmon19_ws/install/robu/lib/robu
[3.140s] Installing mysubscriber script to /home/robu/work/robu_holmon19_ws/install/robu/lib/robu
[3.140s] Installing remotectrl script to /home/robu/work/robu_holmon19_ws/install/robu/lib/robu
[3.141s] Installing remotectrl_listener script to /home/robu/work/robu_holmon19_ws/install/robu/lib/robu
[3.141s] Installing remotectrl_sus script to /home/robu/work/robu_holmon19_ws/install/robu/lib/robu
[3.142s] writing list of installed files to '/home/robu/work/robu_holmon19_ws/build/robu/install.log'
[3.216s] Invoked command in '/home/robu/work/robu_holmon19_ws/src/robu' returned '0': PYTHONPATH=/home/robu/work/robu_holmon19_ws/build/robu/prefix_override:/home/robu/work/robu_holmon19_ws/install/robu/lib/python3.10/site-packages:${PYTHONPATH} /usr/bin/python3 setup.py egg_info --egg-base ../../build/robu build --build-base /home/robu/work/robu_holmon19_ws/build/robu/build install --record /home/robu/work/robu_holmon19_ws/build/robu/install.log --single-version-externally-managed
