[0.395s] DEBUG:colcon:Command line arguments: ['/usr/bin/colcon', 'build']
[0.395s] DEBUG:colcon:Parsed command line arguments: Namespace(log_base=None, log_level=None, verb_name='build', build_base='build', install_base='install', merge_install=False, symlink_install=False, test_result_base=None, continue_on_error=False, executor='parallel', parallel_workers=2, event_handlers=None, ignore_user_meta=False, metas=['./colcon.meta'], base_paths=['.'], packages_ignore=None, packages_ignore_regex=None, paths=None, packages_up_to=None, packages_up_to_regex=None, packages_above=None, packages_above_and_dependencies=None, packages_above_depth=None, packages_select_by_dep=None, packages_skip_by_dep=None, packages_skip_up_to=None, packages_select_build_failed=False, packages_skip_build_finished=False, packages_select_test_failures=False, packages_skip_test_passed=False, packages_select=None, packages_skip=None, packages_select_regex=None, packages_skip_regex=None, packages_start=None, packages_end=None, allow_overriding=[], cmake_args=None, cmake_target=None, cmake_target_skip_unavailable=False, cmake_clean_cache=False, cmake_clean_first=False, cmake_force_configure=False, ament_cmake_args=None, catkin_cmake_args=None, catkin_skip_building_tests=False, verb_parser=<colcon_defaults.argument_parser.defaults.DefaultArgumentsDecorator object at 0x7f8338df3df0>, verb_extension=<colcon_core.verb.build.BuildVerb object at 0x7f83387f57b0>, main=<bound method BuildVerb.main of <colcon_core.verb.build.BuildVerb object at 0x7f83387f57b0>>)
[0.423s] Level 1:colcon.colcon_core.package_discovery:discover_packages(colcon_meta) check parameters
[0.423s] Level 1:colcon.colcon_core.package_discovery:discover_packages(recursive) check parameters
[0.423s] Level 1:colcon.colcon_core.package_discovery:discover_packages(ignore) check parameters
[0.424s] Level 1:colcon.colcon_core.package_discovery:discover_packages(path) check parameters
[0.424s] Level 1:colcon.colcon_core.package_discovery:discover_packages(colcon_meta) discover
[0.424s] Level 1:colcon.colcon_core.package_discovery:discover_packages(recursive) discover
[0.424s] INFO:colcon.colcon_core.package_discovery:Crawling recursively for packages in '/home/robu/work/robu_holmon19_ws'
[0.424s] Level 1:colcon.colcon_core.package_identification:_identify(.) by extensions ['ignore', 'ignore_ament_install']
[0.425s] Level 1:colcon.colcon_core.package_identification:_identify(.) by extension 'ignore'
[0.425s] Level 1:colcon.colcon_core.package_identification:_identify(.) by extension 'ignore_ament_install'
[0.425s] Level 1:colcon.colcon_core.package_identification:_identify(.) by extensions ['colcon_pkg']
[0.425s] Level 1:colcon.colcon_core.package_identification:_identify(.) by extension 'colcon_pkg'
[0.425s] Level 1:colcon.colcon_core.package_identification:_identify(.) by extensions ['colcon_meta']
[0.425s] Level 1:colcon.colcon_core.package_identification:_identify(.) by extension 'colcon_meta'
[0.426s] Level 1:colcon.colcon_core.package_identification:_identify(.) by extensions ['ros']
[0.426s] Level 1:colcon.colcon_core.package_identification:_identify(.) by extension 'ros'
[0.439s] Level 1:colcon.colcon_core.package_identification:_identify(.) by extensions ['cmake', 'python']
[0.439s] Level 1:colcon.colcon_core.package_identification:_identify(.) by extension 'cmake'
[0.439s] Level 1:colcon.colcon_core.package_identification:_identify(.) by extension 'python'
[0.439s] Level 1:colcon.colcon_core.package_identification:_identify(.) by extensions ['python_setup_py']
[0.440s] Level 1:colcon.colcon_core.package_identification:_identify(.) by extension 'python_setup_py'
[0.440s] Level 1:colcon.colcon_core.package_identification:_identify(build) by extensions ['ignore', 'ignore_ament_install']
[0.440s] Level 1:colcon.colcon_core.package_identification:_identify(build) by extension 'ignore'
[0.440s] Level 1:colcon.colcon_core.package_identification:_identify(build) ignored
[0.441s] Level 1:colcon.colcon_core.package_identification:_identify(install) by extensions ['ignore', 'ignore_ament_install']
[0.441s] Level 1:colcon.colcon_core.package_identification:_identify(install) by extension 'ignore'
[0.441s] Level 1:colcon.colcon_core.package_identification:_identify(install) ignored
[0.441s] Level 1:colcon.colcon_core.package_identification:_identify(log) by extensions ['ignore', 'ignore_ament_install']
[0.441s] Level 1:colcon.colcon_core.package_identification:_identify(log) by extension 'ignore'
[0.442s] Level 1:colcon.colcon_core.package_identification:_identify(log) ignored
[0.442s] Level 1:colcon.colcon_core.package_identification:_identify(src) by extensions ['ignore', 'ignore_ament_install']
[0.442s] Level 1:colcon.colcon_core.package_identification:_identify(src) by extension 'ignore'
[0.442s] Level 1:colcon.colcon_core.package_identification:_identify(src) by extension 'ignore_ament_install'
[0.442s] Level 1:colcon.colcon_core.package_identification:_identify(src) by extensions ['colcon_pkg']
[0.443s] Level 1:colcon.colcon_core.package_identification:_identify(src) by extension 'colcon_pkg'
[0.443s] Level 1:colcon.colcon_core.package_identification:_identify(src) by extensions ['colcon_meta']
[0.443s] Level 1:colcon.colcon_core.package_identification:_identify(src) by extension 'colcon_meta'
[0.443s] Level 1:colcon.colcon_core.package_identification:_identify(src) by extensions ['ros']
[0.443s] Level 1:colcon.colcon_core.package_identification:_identify(src) by extension 'ros'
[0.443s] Level 1:colcon.colcon_core.package_identification:_identify(src) by extensions ['cmake', 'python']
[0.443s] Level 1:colcon.colcon_core.package_identification:_identify(src) by extension 'cmake'
[0.444s] Level 1:colcon.colcon_core.package_identification:_identify(src) by extension 'python'
[0.444s] Level 1:colcon.colcon_core.package_identification:_identify(src) by extensions ['python_setup_py']
[0.444s] Level 1:colcon.colcon_core.package_identification:_identify(src) by extension 'python_setup_py'
[0.444s] Level 1:colcon.colcon_core.package_identification:_identify(src/robu) by extensions ['ignore', 'ignore_ament_install']
[0.444s] Level 1:colcon.colcon_core.package_identification:_identify(src/robu) by extension 'ignore'
[0.445s] Level 1:colcon.colcon_core.package_identification:_identify(src/robu) by extension 'ignore_ament_install'
[0.445s] Level 1:colcon.colcon_core.package_identification:_identify(src/robu) by extensions ['colcon_pkg']
[0.445s] Level 1:colcon.colcon_core.package_identification:_identify(src/robu) by extension 'colcon_pkg'
[0.445s] Level 1:colcon.colcon_core.package_identification:_identify(src/robu) by extensions ['colcon_meta']
[0.445s] Level 1:colcon.colcon_core.package_identification:_identify(src/robu) by extension 'colcon_meta'
[0.446s] Level 1:colcon.colcon_core.package_identification:_identify(src/robu) by extensions ['ros']
[0.446s] Level 1:colcon.colcon_core.package_identification:_identify(src/robu) by extension 'ros'
[0.448s] DEBUG:colcon.colcon_core.package_identification:Package 'src/robu' with type 'ros.ament_python' and name 'robu'
[0.448s] Level 1:colcon.colcon_core.package_discovery:discover_packages(recursive) using defaults
[0.448s] Level 1:colcon.colcon_core.package_discovery:discover_packages(ignore) discover
[0.449s] Level 1:colcon.colcon_core.package_discovery:discover_packages(ignore) using defaults
[0.449s] Level 1:colcon.colcon_core.package_discovery:discover_packages(path) discover
[0.449s] Level 1:colcon.colcon_core.package_discovery:discover_packages(path) using defaults
[0.474s] Level 1:colcon.colcon_core.package_discovery:discover_packages(prefix_path) check parameters
[0.475s] Level 1:colcon.colcon_core.package_discovery:discover_packages(prefix_path) discover
[0.480s] DEBUG:colcon.colcon_installed_package_information.package_discovery:Found 17 installed packages in /home/robu/work/turtlebot3_ws/install
[0.483s] DEBUG:colcon.colcon_installed_package_information.package_discovery:Found 358 installed packages in /opt/ros/humble
[0.485s] Level 1:colcon.colcon_core.package_discovery:discover_packages(prefix_path) using defaults
[0.584s] Level 5:colcon.colcon_core.verb:set package 'robu' build argument 'cmake_args' from command line to 'None'
[0.584s] Level 5:colcon.colcon_core.verb:set package 'robu' build argument 'cmake_target' from command line to 'None'
[0.584s] Level 5:colcon.colcon_core.verb:set package 'robu' build argument 'cmake_target_skip_unavailable' from command line to 'False'
[0.584s] Level 5:colcon.colcon_core.verb:set package 'robu' build argument 'cmake_clean_cache' from command line to 'False'
[0.584s] Level 5:colcon.colcon_core.verb:set package 'robu' build argument 'cmake_clean_first' from command line to 'False'
[0.585s] Level 5:colcon.colcon_core.verb:set package 'robu' build argument 'cmake_force_configure' from command line to 'False'
[0.585s] Level 5:colcon.colcon_core.verb:set package 'robu' build argument 'ament_cmake_args' from command line to 'None'
[0.585s] Level 5:colcon.colcon_core.verb:set package 'robu' build argument 'catkin_cmake_args' from command line to 'None'
[0.585s] Level 5:colcon.colcon_core.verb:set package 'robu' build argument 'catkin_skip_building_tests' from command line to 'False'
[0.585s] DEBUG:colcon.colcon_core.verb:Building package 'robu' with the following arguments: {'ament_cmake_args': None, 'build_base': '/home/robu/work/robu_holmon19_ws/build/robu', 'catkin_cmake_args': None, 'catkin_skip_building_tests': False, 'cmake_args': None, 'cmake_clean_cache': False, 'cmake_clean_first': False, 'cmake_force_configure': False, 'cmake_target': None, 'cmake_target_skip_unavailable': False, 'install_base': '/home/robu/work/robu_holmon19_ws/install/robu', 'merge_install': False, 'path': '/home/robu/work/robu_holmon19_ws/src/robu', 'symlink_install': False, 'test_result_base': None}
[0.586s] INFO:colcon.colcon_core.executor:Executing jobs using 'parallel' executor
[0.590s] DEBUG:colcon.colcon_parallel_executor.executor.parallel:run_until_complete
[0.590s] INFO:colcon.colcon_ros.task.ament_python.build:Building ROS package in '/home/robu/work/robu_holmon19_ws/src/robu' with build type 'ament_python'
[0.591s] Level 1:colcon.colcon_core.shell:create_environment_hook('robu', 'ament_prefix_path')
[0.595s] INFO:colcon.colcon_core.plugin_system:Skipping extension 'colcon_core.shell.bat': Not used on non-Windows systems
[0.596s] INFO:colcon.colcon_core.shell:Creating environment hook '/home/robu/work/robu_holmon19_ws/install/robu/share/robu/hook/ament_prefix_path.ps1'
[0.597s] INFO:colcon.colcon_core.shell:Creating environment descriptor '/home/robu/work/robu_holmon19_ws/install/robu/share/robu/hook/ament_prefix_path.dsv'
[0.598s] INFO:colcon.colcon_core.shell:Creating environment hook '/home/robu/work/robu_holmon19_ws/install/robu/share/robu/hook/ament_prefix_path.sh'
[0.600s] INFO:colcon.colcon_core.shell:Skip shell extension 'powershell' for command environment: Not usable outside of PowerShell
[0.600s] DEBUG:colcon.colcon_core.shell:Skip shell extension 'dsv' for command environment
[1.019s] INFO:colcon.colcon_core.task.python.build:Building Python package in '/home/robu/work/robu_holmon19_ws/src/robu'
[1.021s] INFO:colcon.colcon_core.shell:Skip shell extension 'powershell' for command environment: Not usable outside of PowerShell
[1.021s] DEBUG:colcon.colcon_core.shell:Skip shell extension 'dsv' for command environment
[1.559s] DEBUG:colcon.colcon_core.event_handler.log_command:Invoking command in '/home/robu/work/robu_holmon19_ws/build/robu': PYTHONPATH=/home/robu/work/robu_holmon19_ws/build/robu/prefix_override:/home/robu/work/robu_holmon19_ws/install/robu/lib/python3.10/site-packages:${PYTHONPATH} /usr/bin/python3 setup.py develop --uninstall --editable --build-directory /home/robu/work/robu_holmon19_ws/build/robu/build
[2.262s] DEBUG:colcon.colcon_core.event_handler.log_command:Invoked command in '/home/robu/work/robu_holmon19_ws/build/robu' returned '0': PYTHONPATH=/home/robu/work/robu_holmon19_ws/build/robu/prefix_override:/home/robu/work/robu_holmon19_ws/install/robu/lib/python3.10/site-packages:${PYTHONPATH} /usr/bin/python3 setup.py develop --uninstall --editable --build-directory /home/robu/work/robu_holmon19_ws/build/robu/build
[2.263s] DEBUG:colcon.colcon_core.event_handler.log_command:Invoking command in '/home/robu/work/robu_holmon19_ws/src/robu': PYTHONPATH=/home/robu/work/robu_holmon19_ws/build/robu/prefix_override:/home/robu/work/robu_holmon19_ws/install/robu/lib/python3.10/site-packages:${PYTHONPATH} /usr/bin/python3 setup.py egg_info --egg-base ../../build/robu build --build-base /home/robu/work/robu_holmon19_ws/build/robu/build install --record /home/robu/work/robu_holmon19_ws/build/robu/install.log --single-version-externally-managed
[2.771s] Level 1:colcon.colcon_core.environment:checking '/home/robu/work/robu_holmon19_ws/install/robu' for CMake module files
[2.772s] DEBUG:colcon.colcon_core.event_handler.log_command:Invoked command in '/home/robu/work/robu_holmon19_ws/src/robu' returned '0': PYTHONPATH=/home/robu/work/robu_holmon19_ws/build/robu/prefix_override:/home/robu/work/robu_holmon19_ws/install/robu/lib/python3.10/site-packages:${PYTHONPATH} /usr/bin/python3 setup.py egg_info --egg-base ../../build/robu build --build-base /home/robu/work/robu_holmon19_ws/build/robu/build install --record /home/robu/work/robu_holmon19_ws/build/robu/install.log --single-version-externally-managed
[2.773s] Level 1:colcon.colcon_core.environment:checking '/home/robu/work/robu_holmon19_ws/install/robu' for CMake config files
[2.774s] Level 1:colcon.colcon_core.environment:checking '/home/robu/work/robu_holmon19_ws/install/robu/lib'
[2.775s] Level 1:colcon.colcon_core.environment:checking '/home/robu/work/robu_holmon19_ws/install/robu/bin'
[2.775s] Level 1:colcon.colcon_core.environment:checking '/home/robu/work/robu_holmon19_ws/install/robu/lib/pkgconfig/robu.pc'
[2.775s] Level 1:colcon.colcon_core.environment:checking '/home/robu/work/robu_holmon19_ws/install/robu/lib/python3.10/site-packages'
[2.775s] Level 1:colcon.colcon_core.shell:create_environment_hook('robu', 'pythonpath')
[2.777s] INFO:colcon.colcon_core.shell:Creating environment hook '/home/robu/work/robu_holmon19_ws/install/robu/share/robu/hook/pythonpath.ps1'
[2.778s] INFO:colcon.colcon_core.shell:Creating environment descriptor '/home/robu/work/robu_holmon19_ws/install/robu/share/robu/hook/pythonpath.dsv'
[2.779s] INFO:colcon.colcon_core.shell:Creating environment hook '/home/robu/work/robu_holmon19_ws/install/robu/share/robu/hook/pythonpath.sh'
[2.779s] Level 1:colcon.colcon_core.environment:checking '/home/robu/work/robu_holmon19_ws/install/robu/bin'
[2.779s] Level 1:colcon.colcon_core.environment:create_environment_scripts_only(robu)
[2.781s] INFO:colcon.colcon_core.shell:Creating package script '/home/robu/work/robu_holmon19_ws/install/robu/share/robu/package.ps1'
[2.782s] INFO:colcon.colcon_core.shell:Creating package descriptor '/home/robu/work/robu_holmon19_ws/install/robu/share/robu/package.dsv'
[2.783s] INFO:colcon.colcon_core.shell:Creating package script '/home/robu/work/robu_holmon19_ws/install/robu/share/robu/package.sh'
[2.784s] INFO:colcon.colcon_core.shell:Creating package script '/home/robu/work/robu_holmon19_ws/install/robu/share/robu/package.bash'
[2.785s] INFO:colcon.colcon_core.shell:Creating package script '/home/robu/work/robu_holmon19_ws/install/robu/share/robu/package.zsh'
[2.786s] Level 1:colcon.colcon_core.environment:create_file_with_runtime_dependencies(/home/robu/work/robu_holmon19_ws/install/robu/share/colcon-core/packages/robu)
[2.788s] DEBUG:colcon.colcon_parallel_executor.executor.parallel:closing loop
[2.788s] DEBUG:colcon.colcon_parallel_executor.executor.parallel:loop closed
[2.788s] DEBUG:colcon.colcon_parallel_executor.executor.parallel:run_until_complete finished with '0'
[2.789s] DEBUG:colcon.colcon_core.event_reactor:joining thread
[2.797s] INFO:colcon.colcon_core.plugin_system:Skipping extension 'colcon_notification.desktop_notification.terminal_notifier': Not used on non-Darwin systems
[2.797s] INFO:colcon.colcon_core.plugin_system:Skipping extension 'colcon_notification.desktop_notification.win32': Not used on non-Windows systems
[2.797s] INFO:colcon.colcon_notification.desktop_notification:Sending desktop notification using 'notify2'
[2.834s] DEBUG:colcon.colcon_core.event_reactor:joined thread
[2.837s] INFO:colcon.colcon_core.shell:Creating prefix script '/home/robu/work/robu_holmon19_ws/install/local_setup.ps1'
[2.839s] INFO:colcon.colcon_core.shell:Creating prefix util module '/home/robu/work/robu_holmon19_ws/install/_local_setup_util_ps1.py'
[2.841s] INFO:colcon.colcon_core.shell:Creating prefix chain script '/home/robu/work/robu_holmon19_ws/install/setup.ps1'
[2.844s] INFO:colcon.colcon_core.shell:Creating prefix script '/home/robu/work/robu_holmon19_ws/install/local_setup.sh'
[2.845s] INFO:colcon.colcon_core.shell:Creating prefix util module '/home/robu/work/robu_holmon19_ws/install/_local_setup_util_sh.py'
[2.850s] INFO:colcon.colcon_core.shell:Creating prefix chain script '/home/robu/work/robu_holmon19_ws/install/setup.sh'
[2.853s] INFO:colcon.colcon_core.shell:Creating prefix script '/home/robu/work/robu_holmon19_ws/install/local_setup.bash'
[2.859s] INFO:colcon.colcon_core.shell:Creating prefix chain script '/home/robu/work/robu_holmon19_ws/install/setup.bash'
[2.862s] INFO:colcon.colcon_core.shell:Creating prefix script '/home/robu/work/robu_holmon19_ws/install/local_setup.zsh'
[2.863s] INFO:colcon.colcon_core.shell:Creating prefix chain script '/home/robu/work/robu_holmon19_ws/install/setup.zsh'
