/home/robu/work/robu_holmon19_ws/install/robu/lib/python3.10/site-packages/robu/ex03_obstacle_avoidance_simple.py
/home/robu/work/robu_holmon19_ws/install/robu/lib/python3.10/site-packages/robu/ex10_wallfollower.py
/home/robu/work/robu_holmon19_ws/install/robu/lib/python3.10/site-packages/robu/ex02_remotectrl.py
/home/robu/work/robu_holmon19_ws/install/robu/lib/python3.10/site-packages/robu/publisher_member_function.py
/home/robu/work/robu_holmon19_ws/install/robu/lib/python3.10/site-packages/robu/helloworld.py
/home/robu/work/robu_holmon19_ws/install/robu/lib/python3.10/site-packages/robu/ex03_obstacle_avoidance_simple_mapping.py
/home/robu/work/robu_holmon19_ws/install/robu/lib/python3.10/site-packages/robu/__init__.py
/home/robu/work/robu_holmon19_ws/install/robu/lib/python3.10/site-packages/robu/remotectrl_listener.py
/home/robu/work/robu_holmon19_ws/install/robu/lib/python3.10/site-packages/robu/subscriber_member_function.py
/home/robu/work/robu_holmon19_ws/install/robu/lib/python3.10/site-packages/robu/remotectrl_sus.py
/home/robu/work/robu_holmon19_ws/install/robu/lib/python3.10/site-packages/robu/__pycache__/ex03_obstacle_avoidance_simple.cpython-310.pyc
/home/robu/work/robu_holmon19_ws/install/robu/lib/python3.10/site-packages/robu/__pycache__/ex10_wallfollower.cpython-310.pyc
/home/robu/work/robu_holmon19_ws/install/robu/lib/python3.10/site-packages/robu/__pycache__/ex02_remotectrl.cpython-310.pyc
/home/robu/work/robu_holmon19_ws/install/robu/lib/python3.10/site-packages/robu/__pycache__/publisher_member_function.cpython-310.pyc
/home/robu/work/robu_holmon19_ws/install/robu/lib/python3.10/site-packages/robu/__pycache__/helloworld.cpython-310.pyc
/home/robu/work/robu_holmon19_ws/install/robu/lib/python3.10/site-packages/robu/__pycache__/ex03_obstacle_avoidance_simple_mapping.cpython-310.pyc
/home/robu/work/robu_holmon19_ws/install/robu/lib/python3.10/site-packages/robu/__pycache__/__init__.cpython-310.pyc
/home/robu/work/robu_holmon19_ws/install/robu/lib/python3.10/site-packages/robu/__pycache__/remotectrl_listener.cpython-310.pyc
/home/robu/work/robu_holmon19_ws/install/robu/lib/python3.10/site-packages/robu/__pycache__/subscriber_member_function.cpython-310.pyc
/home/robu/work/robu_holmon19_ws/install/robu/lib/python3.10/site-packages/robu/__pycache__/remotectrl_sus.cpython-310.pyc
/home/robu/work/robu_holmon19_ws/install/robu/share/ament_index/resource_index/packages/robu
/home/robu/work/robu_holmon19_ws/install/robu/share/robu/package.xml
/home/robu/work/robu_holmon19_ws/install/robu/share/robu/ex05_mapping_rm_launch.py
/home/robu/work/robu_holmon19_ws/install/robu/share/robu/occupancy_grid.launch.py
/home/robu/work/robu_holmon19_ws/install/robu/share/robu/cartographer.launch.py
/home/robu/work/robu_holmon19_ws/install/robu/share/robu/ex04_obstacle_avoidance_simple_launch.py
/home/robu/work/robu_holmon19_ws/install/robu/share/robu/ex05_mapping_tb_launch.py
/home/robu/work/robu_holmon19_ws/install/robu/share/robu/rviz/tb3_cartographer.rviz
/home/robu/work/robu_holmon19_ws/install/robu/share/robu/config/turtlebot3_lds_2d.lua
/home/robu/work/robu_holmon19_ws/install/robu/lib/python3.10/site-packages/robu-0.0.0-py3.10.egg-info/zip-safe
/home/robu/work/robu_holmon19_ws/install/robu/lib/python3.10/site-packages/robu-0.0.0-py3.10.egg-info/top_level.txt
/home/robu/work/robu_holmon19_ws/install/robu/lib/python3.10/site-packages/robu-0.0.0-py3.10.egg-info/dependency_links.txt
/home/robu/work/robu_holmon19_ws/install/robu/lib/python3.10/site-packages/robu-0.0.0-py3.10.egg-info/PKG-INFO
/home/robu/work/robu_holmon19_ws/install/robu/lib/python3.10/site-packages/robu-0.0.0-py3.10.egg-info/entry_points.txt
/home/robu/work/robu_holmon19_ws/install/robu/lib/python3.10/site-packages/robu-0.0.0-py3.10.egg-info/SOURCES.txt
/home/robu/work/robu_holmon19_ws/install/robu/lib/python3.10/site-packages/robu-0.0.0-py3.10.egg-info/requires.txt
/home/robu/work/robu_holmon19_ws/install/robu/lib/robu/ex02_remotectrl
/home/robu/work/robu_holmon19_ws/install/robu/lib/robu/ex03_obstacle_avoidance_simple
/home/robu/work/robu_holmon19_ws/install/robu/lib/robu/ex03_obstacle_avoidance_simple_mapping
/home/robu/work/robu_holmon19_ws/install/robu/lib/robu/ex10_wallfollower
/home/robu/work/robu_holmon19_ws/install/robu/lib/robu/helloworld
/home/robu/work/robu_holmon19_ws/install/robu/lib/robu/mypublisher
/home/robu/work/robu_holmon19_ws/install/robu/lib/robu/mysubscriber
/home/robu/work/robu_holmon19_ws/install/robu/lib/robu/remotectrl
/home/robu/work/robu_holmon19_ws/install/robu/lib/robu/remotectrl_listener
/home/robu/work/robu_holmon19_ws/install/robu/lib/robu/remotectrl_sus
