running develop
running egg_info
writing ../../build/robu/robu.egg-info/PKG-INFO
writing dependency_links to ../../build/robu/robu.egg-info/dependency_links.txt
writing entry points to ../../build/robu/robu.egg-info/entry_points.txt
writing requirements to ../../build/robu/robu.egg-info/requires.txt
writing top-level names to ../../build/robu/robu.egg-info/top_level.txt
reading manifest file '../../build/robu/robu.egg-info/SOURCES.txt'
writing manifest file '../../build/robu/robu.egg-info/SOURCES.txt'
running build
running build_py
running install
running install_lib
running install_data
running install_egg_info
removing '/home/robu/work/robu_holmon19_ws/install/robu/lib/python3.10/site-packages/robu-0.0.0-py3.10.egg-info' (and everything under it)
Copying ../../build/robu/robu.egg-info to /home/robu/work/robu_holmon19_ws/install/robu/lib/python3.10/site-packages/robu-0.0.0-py3.10.egg-info
running install_scripts
Installing ex02_remotectrl script to /home/robu/work/robu_holmon19_ws/install/robu/lib/robu
Installing ex03_obstacle_avoidance_simple script to /home/robu/work/robu_holmon19_ws/install/robu/lib/robu
Installing ex03_obstacle_avoidance_simple_mapping script to /home/robu/work/robu_holmon19_ws/install/robu/lib/robu
Installing ex10_wallfollower script to /home/robu/work/robu_holmon19_ws/install/robu/lib/robu
Installing helloworld script to /home/robu/work/robu_holmon19_ws/install/robu/lib/robu
Installing mypublisher script to /home/robu/work/robu_holmon19_ws/install/robu/lib/robu
Installing mysubscriber script to /home/robu/work/robu_holmon19_ws/install/robu/lib/robu
Installing remotectrl script to /home/robu/work/robu_holmon19_ws/install/robu/lib/robu
Installing remotectrl_listener script to /home/robu/work/robu_holmon19_ws/install/robu/lib/robu
Installing remotectrl_sus script to /home/robu/work/robu_holmon19_ws/install/robu/lib/robu
writing list of installed files to '/home/robu/work/robu_holmon19_ws/build/robu/install.log'
