running develop
Removing /home/robu/work/robu_holmon19_ws/install/robu/lib/python3.10/site-packages/robu.egg-link (link to .)
running egg_info
writing ../../build/robu/robu.egg-info/PKG-INFO
writing dependency_links to ../../build/robu/robu.egg-info/dependency_links.txt
writing entry points to ../../build/robu/robu.egg-info/entry_points.txt
writing requirements to ../../build/robu/robu.egg-info/requires.txt
writing top-level names to ../../build/robu/robu.egg-info/top_level.txt
reading manifest file '../../build/robu/robu.egg-info/SOURCES.txt'
writing manifest file '../../build/robu/robu.egg-info/SOURCES.txt'
running build
running build_py
copying robu/ex10_wallfollower.py -> /home/robu/work/robu_holmon19_ws/build/robu/build/lib/robu
running install
running install_lib
creating /home/robu/work/robu_holmon19_ws/install/robu/lib/python3.10/site-packages/robu
copying /home/robu/work/robu_holmon19_ws/build/robu/build/lib/robu/ex03_obstacle_avoidance_simple.py -> /home/robu/work/robu_holmon19_ws/install/robu/lib/python3.10/site-packages/robu
copying /home/robu/work/robu_holmon19_ws/build/robu/build/lib/robu/ex10_wallfollower.py -> /home/robu/work/robu_holmon19_ws/install/robu/lib/python3.10/site-packages/robu
copying /home/robu/work/robu_holmon19_ws/build/robu/build/lib/robu/ex02_remotectrl.py -> /home/robu/work/robu_holmon19_ws/install/robu/lib/python3.10/site-packages/robu
copying /home/robu/work/robu_holmon19_ws/build/robu/build/lib/robu/publisher_member_function.py -> /home/robu/work/robu_holmon19_ws/install/robu/lib/python3.10/site-packages/robu
copying /home/robu/work/robu_holmon19_ws/build/robu/build/lib/robu/helloworld.py -> /home/robu/work/robu_holmon19_ws/install/robu/lib/python3.10/site-packages/robu
copying /home/robu/work/robu_holmon19_ws/build/robu/build/lib/robu/ex03_obstacle_avoidance_simple_mapping.py -> /home/robu/work/robu_holmon19_ws/install/robu/lib/python3.10/site-packages/robu
copying /home/robu/work/robu_holmon19_ws/build/robu/build/lib/robu/__init__.py -> /home/robu/work/robu_holmon19_ws/install/robu/lib/python3.10/site-packages/robu
copying /home/robu/work/robu_holmon19_ws/build/robu/build/lib/robu/remotectrl_listener.py -> /home/robu/work/robu_holmon19_ws/install/robu/lib/python3.10/site-packages/robu
copying /home/robu/work/robu_holmon19_ws/build/robu/build/lib/robu/subscriber_member_function.py -> /home/robu/work/robu_holmon19_ws/install/robu/lib/python3.10/site-packages/robu
copying /home/robu/work/robu_holmon19_ws/build/robu/build/lib/robu/remotectrl_sus.py -> /home/robu/work/robu_holmon19_ws/install/robu/lib/python3.10/site-packages/robu
byte-compiling /home/robu/work/robu_holmon19_ws/install/robu/lib/python3.10/site-packages/robu/ex03_obstacle_avoidance_simple.py to ex03_obstacle_avoidance_simple.cpython-310.pyc
byte-compiling /home/robu/work/robu_holmon19_ws/install/robu/lib/python3.10/site-packages/robu/ex10_wallfollower.py to ex10_wallfollower.cpython-310.pyc
byte-compiling /home/robu/work/robu_holmon19_ws/install/robu/lib/python3.10/site-packages/robu/ex02_remotectrl.py to ex02_remotectrl.cpython-310.pyc
byte-compiling /home/robu/work/robu_holmon19_ws/install/robu/lib/python3.10/site-packages/robu/publisher_member_function.py to publisher_member_function.cpython-310.pyc
byte-compiling /home/robu/work/robu_holmon19_ws/install/robu/lib/python3.10/site-packages/robu/helloworld.py to helloworld.cpython-310.pyc
byte-compiling /home/robu/work/robu_holmon19_ws/install/robu/lib/python3.10/site-packages/robu/ex03_obstacle_avoidance_simple_mapping.py to ex03_obstacle_avoidance_simple_mapping.cpython-310.pyc
byte-compiling /home/robu/work/robu_holmon19_ws/install/robu/lib/python3.10/site-packages/robu/__init__.py to __init__.cpython-310.pyc
byte-compiling /home/robu/work/robu_holmon19_ws/install/robu/lib/python3.10/site-packages/robu/remotectrl_listener.py to remotectrl_listener.cpython-310.pyc
byte-compiling /home/robu/work/robu_holmon19_ws/install/robu/lib/python3.10/site-packages/robu/subscriber_member_function.py to subscriber_member_function.cpython-310.pyc
byte-compiling /home/robu/work/robu_holmon19_ws/install/robu/lib/python3.10/site-packages/robu/remotectrl_sus.py to remotectrl_sus.cpython-310.pyc
running install_data
running install_egg_info
Copying ../../build/robu/robu.egg-info to /home/robu/work/robu_holmon19_ws/install/robu/lib/python3.10/site-packages/robu-0.0.0-py3.10.egg-info
running install_scripts
Installing ex02_remotectrl script to /home/robu/work/robu_holmon19_ws/install/robu/lib/robu
Installing ex03_obstacle_avoidance_simple script to /home/robu/work/robu_holmon19_ws/install/robu/lib/robu
Installing ex03_obstacle_avoidance_simple_mapping script to /home/robu/work/robu_holmon19_ws/install/robu/lib/robu
Installing ex10_wallfollower script to /home/robu/work/robu_holmon19_ws/install/robu/lib/robu
Installing helloworld script to /home/robu/work/robu_holmon19_ws/install/robu/lib/robu
Installing mypublisher script to /home/robu/work/robu_holmon19_ws/install/robu/lib/robu
Installing mysubscriber script to /home/robu/work/robu_holmon19_ws/install/robu/lib/robu
Installing remotectrl script to /home/robu/work/robu_holmon19_ws/install/robu/lib/robu
Installing remotectrl_listener script to /home/robu/work/robu_holmon19_ws/install/robu/lib/robu
Installing remotectrl_sus script to /home/robu/work/robu_holmon19_ws/install/robu/lib/robu
writing list of installed files to '/home/robu/work/robu_holmon19_ws/build/robu/install.log'
