[0.902s] Invoking command in '/home/robu/work/robu_holmon19_ws/build/robu': PYTHONPATH=/home/robu/work/robu_holmon19_ws/build/robu/prefix_override:/home/robu/work/robu_holmon19_ws/install/robu/lib/python3.10/site-packages:${PYTHONPATH} /usr/bin/python3 setup.py develop --editable --build-directory /home/robu/work/robu_holmon19_ws/build/robu/build --no-deps install_data
[1.312s] running develop
[1.573s] running egg_info
[1.574s] writing robu.egg-info/PKG-INFO
[1.575s] writing dependency_links to robu.egg-info/dependency_links.txt
[1.575s] writing entry points to robu.egg-info/entry_points.txt
[1.576s] writing requirements to robu.egg-info/requires.txt
[1.579s] writing top-level names to robu.egg-info/top_level.txt
[1.585s] reading manifest file 'robu.egg-info/SOURCES.txt'
[1.587s] writing manifest file 'robu.egg-info/SOURCES.txt'
[1.592s] running build_ext
[1.593s] Creating /home/robu/work/robu_holmon19_ws/install/robu/lib/python3.10/site-packages/robu.egg-link (link to .)
[1.597s] Installing ex02_remotectrl script to /home/robu/work/robu_holmon19_ws/install/robu/lib/robu
[1.598s] Installing ex03_obstacle_avoidance_simple script to /home/robu/work/robu_holmon19_ws/install/robu/lib/robu
[1.598s] Installing ex03_obstacle_avoidance_simple_mapping script to /home/robu/work/robu_holmon19_ws/install/robu/lib/robu
[1.599s] Installing helloworld script to /home/robu/work/robu_holmon19_ws/install/robu/lib/robu
[1.599s] Installing remotectrl script to /home/robu/work/robu_holmon19_ws/install/robu/lib/robu
[1.600s] Installing remotectrl_listener script to /home/robu/work/robu_holmon19_ws/install/robu/lib/robu
[1.600s] Installing remotectrl_sus script to /home/robu/work/robu_holmon19_ws/install/robu/lib/robu
[1.601s] Installing wallfollower script to /home/robu/work/robu_holmon19_ws/install/robu/lib/robu
[1.601s] 
[1.601s] Installed /home/robu/work/robu_holmon19_ws/build/robu
[1.602s] running install_data
[1.673s] Invoked command in '/home/robu/work/robu_holmon19_ws/build/robu' returned '0': PYTHONPATH=/home/robu/work/robu_holmon19_ws/build/robu/prefix_override:/home/robu/work/robu_holmon19_ws/install/robu/lib/python3.10/site-packages:${PYTHONPATH} /usr/bin/python3 setup.py develop --editable --build-directory /home/robu/work/robu_holmon19_ws/build/robu/build --no-deps install_data
